[2020-09-01 02:18:21] (ERROR in xPDO::getService @ /home/e/e5ash/e5ash.net/public_html/core/xpdo/xpdo.class.php : 1234) modRestClient::__construct is deprecated since version 2.3.0. Use the modRest classes instead.
[2020-09-01 02:18:21] (ERROR in modRestCurlClient::__construct @ /home/e/e5ash/e5ash.net/public_html/core/model/modx/rest/modrestcurlclient.class.php : 26) modRestClient::__construct is deprecated since version 2.3.0. Use the modRest classes instead.
[2020-09-01 02:18:21] (ERROR in xPDO::getService @ /home/e/e5ash/e5ash.net/public_html/core/xpdo/xpdo.class.php : 1234) modRestClient::__construct is deprecated since version 2.3.0. Use the modRest classes instead.
[2020-09-01 02:18:21] (ERROR in modRestCurlClient::__construct @ /home/e/e5ash/e5ash.net/public_html/core/model/modx/rest/modrestcurlclient.class.php : 26) modRestClient::__construct is deprecated since version 2.3.0. Use the modRest classes instead.
[2020-09-01 02:18:22] (ERROR in xPDO::getService @ /home/e/e5ash/e5ash.net/public_html/core/xpdo/xpdo.class.php : 1234) modRestClient::__construct is deprecated since version 2.3.0. Use the modRest classes instead.
[2020-09-01 02:18:22] (ERROR in modRestCurlClient::__construct @ /home/e/e5ash/e5ash.net/public_html/core/model/modx/rest/modrestcurlclient.class.php : 26) modRestClient::__construct is deprecated since version 2.3.0. Use the modRest classes instead.
[2020-09-01 02:18:23] (ERROR in xPDO::getService @ /home/e/e5ash/e5ash.net/public_html/core/xpdo/xpdo.class.php : 1234) modRestClient::__construct is deprecated since version 2.3.0. Use the modRest classes instead.
[2020-09-01 02:18:23] (ERROR in modRestCurlClient::__construct @ /home/e/e5ash/e5ash.net/public_html/core/model/modx/rest/modrestcurlclient.class.php : 26) modRestClient::__construct is deprecated since version 2.3.0. Use the modRest classes instead.
[2020-09-01 02:18:28] (ERROR in xPDO::getService @ /home/e/e5ash/e5ash.net/public_html/core/xpdo/xpdo.class.php : 1234) modRestClient::__construct is deprecated since version 2.3.0. Use the modRest classes instead.
[2020-09-01 02:18:28] (ERROR in modRestCurlClient::__construct @ /home/e/e5ash/e5ash.net/public_html/core/model/modx/rest/modrestcurlclient.class.php : 26) modRestClient::__construct is deprecated since version 2.3.0. Use the modRest classes instead.
[2020-09-01 02:18:31] (ERROR in xPDO::getService @ /home/e/e5ash/e5ash.net/public_html/core/xpdo/xpdo.class.php : 1234) modRestClient::__construct is deprecated since version 2.3.0. Use the modRest classes instead.
[2020-09-01 02:18:31] (ERROR in modRestCurlClient::__construct @ /home/e/e5ash/e5ash.net/public_html/core/model/modx/rest/modrestcurlclient.class.php : 26) modRestClient::__construct is deprecated since version 2.3.0. Use the modRest classes instead.
[2020-09-01 02:18:35] (ERROR in xPDO::getService @ /home/e/e5ash/e5ash.net/public_html/core/xpdo/xpdo.class.php : 1234) modRestClient::__construct is deprecated since version 2.3.0. Use the modRest classes instead.
[2020-09-01 02:18:35] (ERROR in modRestCurlClient::__construct @ /home/e/e5ash/e5ash.net/public_html/core/model/modx/rest/modrestcurlclient.class.php : 26) modRestClient::__construct is deprecated since version 2.3.0. Use the modRest classes instead.
[2020-09-01 02:18:35] (ERROR in xPDO::getService @ /home/e/e5ash/e5ash.net/public_html/core/xpdo/xpdo.class.php : 1234) modRestClient::__construct is deprecated since version 2.3.0. Use the modRest classes instead.
[2020-09-01 02:18:35] (ERROR in modRestCurlClient::__construct @ /home/e/e5ash/e5ash.net/public_html/core/model/modx/rest/modrestcurlclient.class.php : 26) modRestClient::__construct is deprecated since version 2.3.0. Use the modRest classes instead.
[2020-09-01 02:18:45] (ERROR in xPDO::getService @ /home/e/e5ash/e5ash.net/public_html/core/xpdo/xpdo.class.php : 1234) modRestClient::__construct is deprecated since version 2.3.0. Use the modRest classes instead.
[2020-09-01 02:18:45] (ERROR in modRestCurlClient::__construct @ /home/e/e5ash/e5ash.net/public_html/core/model/modx/rest/modrestcurlclient.class.php : 26) modRestClient::__construct is deprecated since version 2.3.0. Use the modRest classes instead.
[2020-09-01 02:18:53] (ERROR in xPDO::getService @ /home/e/e5ash/e5ash.net/public_html/core/xpdo/xpdo.class.php : 1234) modRestClient::__construct is deprecated since version 2.3.0. Use the modRest classes instead.
[2020-09-01 02:18:53] (ERROR in modRestCurlClient::__construct @ /home/e/e5ash/e5ash.net/public_html/core/model/modx/rest/modrestcurlclient.class.php : 26) modRestClient::__construct is deprecated since version 2.3.0. Use the modRest classes instead.
[2020-09-01 02:18:59] (ERROR in xPDO::getService @ /home/e/e5ash/e5ash.net/public_html/core/xpdo/xpdo.class.php : 1234) modRestClient::__construct is deprecated since version 2.3.0. Use the modRest classes instead.
[2020-09-01 02:18:59] (ERROR in modRestCurlClient::__construct @ /home/e/e5ash/e5ash.net/public_html/core/model/modx/rest/modrestcurlclient.class.php : 26) modRestClient::__construct is deprecated since version 2.3.0. Use the modRest classes instead.
[2020-09-01 02:19:02] (ERROR in xPDO::getService @ /home/e/e5ash/e5ash.net/public_html/core/xpdo/xpdo.class.php : 1234) modRestClient::__construct is deprecated since version 2.3.0. Use the modRest classes instead.
[2020-09-01 02:19:02] (ERROR in modRestCurlClient::__construct @ /home/e/e5ash/e5ash.net/public_html/core/model/modx/rest/modrestcurlclient.class.php : 26) modRestClient::__construct is deprecated since version 2.3.0. Use the modRest classes instead.
[2020-09-01 02:19:03] (ERROR in xPDO::getService @ /home/e/e5ash/e5ash.net/public_html/core/xpdo/xpdo.class.php : 1234) modRestClient::__construct is deprecated since version 2.3.0. Use the modRest classes instead.
[2020-09-01 02:19:03] (ERROR in modRestCurlClient::__construct @ /home/e/e5ash/e5ash.net/public_html/core/model/modx/rest/modrestcurlclient.class.php : 26) modRestClient::__construct is deprecated since version 2.3.0. Use the modRest classes instead.
[2020-09-01 02:19:12] (ERROR in xPDO::getService @ /home/e/e5ash/e5ash.net/public_html/core/xpdo/xpdo.class.php : 1234) modRestClient::__construct is deprecated since version 2.3.0. Use the modRest classes instead.
[2020-09-01 02:19:12] (ERROR in modRestCurlClient::__construct @ /home/e/e5ash/e5ash.net/public_html/core/model/modx/rest/modrestcurlclient.class.php : 26) modRestClient::__construct is deprecated since version 2.3.0. Use the modRest classes instead.
[2020-09-01 02:19:20] (ERROR in xPDO::getService @ /home/e/e5ash/e5ash.net/public_html/core/xpdo/xpdo.class.php : 1234) modRestClient::__construct is deprecated since version 2.3.0. Use the modRest classes instead.
[2020-09-01 02:19:20] (ERROR in modRestCurlClient::__construct @ /home/e/e5ash/e5ash.net/public_html/core/model/modx/rest/modrestcurlclient.class.php : 26) modRestClient::__construct is deprecated since version 2.3.0. Use the modRest classes instead.
[2020-09-01 02:19:23] (ERROR in xPDO::getService @ /home/e/e5ash/e5ash.net/public_html/core/xpdo/xpdo.class.php : 1234) modRestClient::__construct is deprecated since version 2.3.0. Use the modRest classes instead.
[2020-09-01 02:19:23] (ERROR in modRestCurlClient::__construct @ /home/e/e5ash/e5ash.net/public_html/core/model/modx/rest/modrestcurlclient.class.php : 26) modRestClient::__construct is deprecated since version 2.3.0. Use the modRest classes instead.
[2020-09-01 02:19:23] (ERROR in xPDO::getService @ /home/e/e5ash/e5ash.net/public_html/core/xpdo/xpdo.class.php : 1234) modRestClient::__construct is deprecated since version 2.3.0. Use the modRest classes instead.
[2020-09-01 02:19:23] (ERROR in modRestCurlClient::__construct @ /home/e/e5ash/e5ash.net/public_html/core/model/modx/rest/modrestcurlclient.class.php : 26) modRestClient::__construct is deprecated since version 2.3.0. Use the modRest classes instead.
[2020-09-01 02:19:32] (ERROR in xPDO::getService @ /home/e/e5ash/e5ash.net/public_html/core/xpdo/xpdo.class.php : 1234) modRestClient::__construct is deprecated since version 2.3.0. Use the modRest classes instead.
[2020-09-01 02:19:32] (ERROR in modRestCurlClient::__construct @ /home/e/e5ash/e5ash.net/public_html/core/model/modx/rest/modrestcurlclient.class.php : 26) modRestClient::__construct is deprecated since version 2.3.0. Use the modRest classes instead.
[2020-09-01 02:19:34] (ERROR in xPDO::getService @ /home/e/e5ash/e5ash.net/public_html/core/xpdo/xpdo.class.php : 1234) modRestClient::__construct is deprecated since version 2.3.0. Use the modRest classes instead.
[2020-09-01 02:19:34] (ERROR in modRestCurlClient::__construct @ /home/e/e5ash/e5ash.net/public_html/core/model/modx/rest/modrestcurlclient.class.php : 26) modRestClient::__construct is deprecated since version 2.3.0. Use the modRest classes instead.
[2020-09-01 02:19:38] (ERROR in xPDO::getService @ /home/e/e5ash/e5ash.net/public_html/core/xpdo/xpdo.class.php : 1234) modRestClient::__construct is deprecated since version 2.3.0. Use the modRest classes instead.
[2020-09-01 02:19:38] (ERROR in modRestCurlClient::__construct @ /home/e/e5ash/e5ash.net/public_html/core/model/modx/rest/modrestcurlclient.class.php : 26) modRestClient::__construct is deprecated since version 2.3.0. Use the modRest classes instead.
[2020-09-01 02:19:38] (ERROR in xPDO::getService @ /home/e/e5ash/e5ash.net/public_html/core/xpdo/xpdo.class.php : 1234) modRestClient::__construct is deprecated since version 2.3.0. Use the modRest classes instead.
[2020-09-01 02:19:38] (ERROR in modRestCurlClient::__construct @ /home/e/e5ash/e5ash.net/public_html/core/model/modx/rest/modrestcurlclient.class.php : 26) modRestClient::__construct is deprecated since version 2.3.0. Use the modRest classes instead.
[2020-09-01 02:19:50] (ERROR in xPDO::getService @ /home/e/e5ash/e5ash.net/public_html/core/xpdo/xpdo.class.php : 1234) modRestClient::__construct is deprecated since version 2.3.0. Use the modRest classes instead.
[2020-09-01 02:19:50] (ERROR in modRestCurlClient::__construct @ /home/e/e5ash/e5ash.net/public_html/core/model/modx/rest/modrestcurlclient.class.php : 26) modRestClient::__construct is deprecated since version 2.3.0. Use the modRest classes instead.
[2020-09-01 02:19:52] (ERROR in xPDO::getService @ /home/e/e5ash/e5ash.net/public_html/core/xpdo/xpdo.class.php : 1234) modRestClient::__construct is deprecated since version 2.3.0. Use the modRest classes instead.
[2020-09-01 02:19:52] (ERROR in modRestCurlClient::__construct @ /home/e/e5ash/e5ash.net/public_html/core/model/modx/rest/modrestcurlclient.class.php : 26) modRestClient::__construct is deprecated since version 2.3.0. Use the modRest classes instead.
[2020-09-01 02:20:00] (ERROR in xPDO::getService @ /home/e/e5ash/e5ash.net/public_html/core/xpdo/xpdo.class.php : 1234) modRestClient::__construct is deprecated since version 2.3.0. Use the modRest classes instead.
[2020-09-01 02:20:00] (ERROR in modRestCurlClient::__construct @ /home/e/e5ash/e5ash.net/public_html/core/model/modx/rest/modrestcurlclient.class.php : 26) modRestClient::__construct is deprecated since version 2.3.0. Use the modRest classes instead.
[2020-09-01 02:20:00] (ERROR in xPDO::getService @ /home/e/e5ash/e5ash.net/public_html/core/xpdo/xpdo.class.php : 1234) modRestClient::__construct is deprecated since version 2.3.0. Use the modRest classes instead.
[2020-09-01 02:20:00] (ERROR in modRestCurlClient::__construct @ /home/e/e5ash/e5ash.net/public_html/core/model/modx/rest/modrestcurlclient.class.php : 26) modRestClient::__construct is deprecated since version 2.3.0. Use the modRest classes instead.
[2020-09-01 02:20:35] (ERROR in xPDO::getService @ /home/e/e5ash/e5ash.net/public_html/core/xpdo/xpdo.class.php : 1234) modRestClient::__construct is deprecated since version 2.3.0. Use the modRest classes instead.
[2020-09-01 02:20:35] (ERROR in modRestCurlClient::__construct @ /home/e/e5ash/e5ash.net/public_html/core/model/modx/rest/modrestcurlclient.class.php : 26) modRestClient::__construct is deprecated since version 2.3.0. Use the modRest classes instead.
[2020-09-01 02:20:37] (ERROR in xPDO::getService @ /home/e/e5ash/e5ash.net/public_html/core/xpdo/xpdo.class.php : 1234) modRestClient::__construct is deprecated since version 2.3.0. Use the modRest classes instead.
[2020-09-01 02:20:37] (ERROR in modRestCurlClient::__construct @ /home/e/e5ash/e5ash.net/public_html/core/model/modx/rest/modrestcurlclient.class.php : 26) modRestClient::__construct is deprecated since version 2.3.0. Use the modRest classes instead.
[2020-09-01 02:20:41] (ERROR in xPDO::getService @ /home/e/e5ash/e5ash.net/public_html/core/xpdo/xpdo.class.php : 1234) modRestClient::__construct is deprecated since version 2.3.0. Use the modRest classes instead.
[2020-09-01 02:20:41] (ERROR in modRestCurlClient::__construct @ /home/e/e5ash/e5ash.net/public_html/core/model/modx/rest/modrestcurlclient.class.php : 26) modRestClient::__construct is deprecated since version 2.3.0. Use the modRest classes instead.
[2020-09-01 02:20:41] (ERROR in xPDO::getService @ /home/e/e5ash/e5ash.net/public_html/core/xpdo/xpdo.class.php : 1234) modRestClient::__construct is deprecated since version 2.3.0. Use the modRest classes instead.
[2020-09-01 02:20:41] (ERROR in modRestCurlClient::__construct @ /home/e/e5ash/e5ash.net/public_html/core/model/modx/rest/modrestcurlclient.class.php : 26) modRestClient::__construct is deprecated since version 2.3.0. Use the modRest classes instead.
[2020-09-01 02:20:52] (ERROR in xPDO::getService @ /home/e/e5ash/e5ash.net/public_html/core/xpdo/xpdo.class.php : 1234) modRestClient::__construct is deprecated since version 2.3.0. Use the modRest classes instead.
[2020-09-01 02:20:52] (ERROR in modRestCurlClient::__construct @ /home/e/e5ash/e5ash.net/public_html/core/model/modx/rest/modrestcurlclient.class.php : 26) modRestClient::__construct is deprecated since version 2.3.0. Use the modRest classes instead.
[2020-09-01 02:20:54] (ERROR in xPDO::getService @ /home/e/e5ash/e5ash.net/public_html/core/xpdo/xpdo.class.php : 1234) modRestClient::__construct is deprecated since version 2.3.0. Use the modRest classes instead.
[2020-09-01 02:20:54] (ERROR in modRestCurlClient::__construct @ /home/e/e5ash/e5ash.net/public_html/core/model/modx/rest/modrestcurlclient.class.php : 26) modRestClient::__construct is deprecated since version 2.3.0. Use the modRest classes instead.
[2020-09-01 02:20:57] (ERROR in xPDO::getService @ /home/e/e5ash/e5ash.net/public_html/core/xpdo/xpdo.class.php : 1234) modRestClient::__construct is deprecated since version 2.3.0. Use the modRest classes instead.
[2020-09-01 02:20:57] (ERROR in modRestCurlClient::__construct @ /home/e/e5ash/e5ash.net/public_html/core/model/modx/rest/modrestcurlclient.class.php : 26) modRestClient::__construct is deprecated since version 2.3.0. Use the modRest classes instead.
[2020-09-01 02:20:57] (ERROR in xPDO::getService @ /home/e/e5ash/e5ash.net/public_html/core/xpdo/xpdo.class.php : 1234) modRestClient::__construct is deprecated since version 2.3.0. Use the modRest classes instead.
[2020-09-01 02:20:57] (ERROR in modRestCurlClient::__construct @ /home/e/e5ash/e5ash.net/public_html/core/model/modx/rest/modrestcurlclient.class.php : 26) modRestClient::__construct is deprecated since version 2.3.0. Use the modRest classes instead.
[2020-09-01 02:21:15] (ERROR in xPDO::getService @ /home/e/e5ash/e5ash.net/public_html/core/xpdo/xpdo.class.php : 1234) modRestClient::__construct is deprecated since version 2.3.0. Use the modRest classes instead.
[2020-09-01 02:21:15] (ERROR in modRestCurlClient::__construct @ /home/e/e5ash/e5ash.net/public_html/core/model/modx/rest/modrestcurlclient.class.php : 26) modRestClient::__construct is deprecated since version 2.3.0. Use the modRest classes instead.
[2020-09-01 02:21:17] (ERROR in xPDO::getService @ /home/e/e5ash/e5ash.net/public_html/core/xpdo/xpdo.class.php : 1234) modRestClient::__construct is deprecated since version 2.3.0. Use the modRest classes instead.
[2020-09-01 02:21:17] (ERROR in modRestCurlClient::__construct @ /home/e/e5ash/e5ash.net/public_html/core/model/modx/rest/modrestcurlclient.class.php : 26) modRestClient::__construct is deprecated since version 2.3.0. Use the modRest classes instead.
[2020-09-01 02:21:20] (ERROR in xPDO::getService @ /home/e/e5ash/e5ash.net/public_html/core/xpdo/xpdo.class.php : 1234) modRestClient::__construct is deprecated since version 2.3.0. Use the modRest classes instead.
[2020-09-01 02:21:20] (ERROR in modRestCurlClient::__construct @ /home/e/e5ash/e5ash.net/public_html/core/model/modx/rest/modrestcurlclient.class.php : 26) modRestClient::__construct is deprecated since version 2.3.0. Use the modRest classes instead.
[2020-09-01 02:21:20] (ERROR in xPDO::getService @ /home/e/e5ash/e5ash.net/public_html/core/xpdo/xpdo.class.php : 1234) modRestClient::__construct is deprecated since version 2.3.0. Use the modRest classes instead.
[2020-09-01 02:21:20] (ERROR in modRestCurlClient::__construct @ /home/e/e5ash/e5ash.net/public_html/core/model/modx/rest/modrestcurlclient.class.php : 26) modRestClient::__construct is deprecated since version 2.3.0. Use the modRest classes instead.
[2020-09-01 02:21:33] (ERROR in xPDO::getService @ /home/e/e5ash/e5ash.net/public_html/core/xpdo/xpdo.class.php : 1234) modRestClient::__construct is deprecated since version 2.3.0. Use the modRest classes instead.
[2020-09-01 02:21:33] (ERROR in modRestCurlClient::__construct @ /home/e/e5ash/e5ash.net/public_html/core/model/modx/rest/modrestcurlclient.class.php : 26) modRestClient::__construct is deprecated since version 2.3.0. Use the modRest classes instead.
[2020-09-01 02:21:35] (ERROR in xPDO::getService @ /home/e/e5ash/e5ash.net/public_html/core/xpdo/xpdo.class.php : 1234) modRestClient::__construct is deprecated since version 2.3.0. Use the modRest classes instead.
[2020-09-01 02:21:35] (ERROR in modRestCurlClient::__construct @ /home/e/e5ash/e5ash.net/public_html/core/model/modx/rest/modrestcurlclient.class.php : 26) modRestClient::__construct is deprecated since version 2.3.0. Use the modRest classes instead.
[2020-09-01 02:21:39] (ERROR in xPDO::getService @ /home/e/e5ash/e5ash.net/public_html/core/xpdo/xpdo.class.php : 1234) modRestClient::__construct is deprecated since version 2.3.0. Use the modRest classes instead.
[2020-09-01 02:21:39] (ERROR in modRestCurlClient::__construct @ /home/e/e5ash/e5ash.net/public_html/core/model/modx/rest/modrestcurlclient.class.php : 26) modRestClient::__construct is deprecated since version 2.3.0. Use the modRest classes instead.
[2020-09-01 02:21:39] (ERROR in xPDO::getService @ /home/e/e5ash/e5ash.net/public_html/core/xpdo/xpdo.class.php : 1234) modRestClient::__construct is deprecated since version 2.3.0. Use the modRest classes instead.
[2020-09-01 02:21:39] (ERROR in modRestCurlClient::__construct @ /home/e/e5ash/e5ash.net/public_html/core/model/modx/rest/modrestcurlclient.class.php : 26) modRestClient::__construct is deprecated since version 2.3.0. Use the modRest classes instead.
[2020-09-01 02:21:57] (ERROR in xPDO::getService @ /home/e/e5ash/e5ash.net/public_html/core/xpdo/xpdo.class.php : 1234) modRestClient::__construct is deprecated since version 2.3.0. Use the modRest classes instead.
[2020-09-01 02:21:57] (ERROR in modRestCurlClient::__construct @ /home/e/e5ash/e5ash.net/public_html/core/model/modx/rest/modrestcurlclient.class.php : 26) modRestClient::__construct is deprecated since version 2.3.0. Use the modRest classes instead.
[2020-09-01 02:22:13] (ERROR in xPDO::getService @ /home/e/e5ash/e5ash.net/public_html/core/xpdo/xpdo.class.php : 1234) modRestClient::__construct is deprecated since version 2.3.0. Use the modRest classes instead.
[2020-09-01 02:22:13] (ERROR in modRestCurlClient::__construct @ /home/e/e5ash/e5ash.net/public_html/core/model/modx/rest/modrestcurlclient.class.php : 26) modRestClient::__construct is deprecated since version 2.3.0. Use the modRest classes instead.
[2020-09-01 02:22:30] (ERROR in xPDO::getService @ /home/e/e5ash/e5ash.net/public_html/core/xpdo/xpdo.class.php : 1234) modRestClient::__construct is deprecated since version 2.3.0. Use the modRest classes instead.
[2020-09-01 02:22:30] (ERROR in modRestCurlClient::__construct @ /home/e/e5ash/e5ash.net/public_html/core/model/modx/rest/modrestcurlclient.class.php : 26) modRestClient::__construct is deprecated since version 2.3.0. Use the modRest classes instead.
[2020-09-01 02:22:43] (ERROR in xPDO::getService @ /home/e/e5ash/e5ash.net/public_html/core/xpdo/xpdo.class.php : 1234) modRestClient::__construct is deprecated since version 2.3.0. Use the modRest classes instead.
[2020-09-01 02:22:43] (ERROR in modRestCurlClient::__construct @ /home/e/e5ash/e5ash.net/public_html/core/model/modx/rest/modrestcurlclient.class.php : 26) modRestClient::__construct is deprecated since version 2.3.0. Use the modRest classes instead.
[2020-09-01 02:22:58] (ERROR in xPDO::getService @ /home/e/e5ash/e5ash.net/public_html/core/xpdo/xpdo.class.php : 1234) modRestClient::__construct is deprecated since version 2.3.0. Use the modRest classes instead.
[2020-09-01 02:22:58] (ERROR in modRestCurlClient::__construct @ /home/e/e5ash/e5ash.net/public_html/core/model/modx/rest/modrestcurlclient.class.php : 26) modRestClient::__construct is deprecated since version 2.3.0. Use the modRest classes instead.
[2020-09-01 02:23:15] (ERROR in xPDO::getService @ /home/e/e5ash/e5ash.net/public_html/core/xpdo/xpdo.class.php : 1234) modRestClient::__construct is deprecated since version 2.3.0. Use the modRest classes instead.
[2020-09-01 02:23:15] (ERROR in modRestCurlClient::__construct @ /home/e/e5ash/e5ash.net/public_html/core/model/modx/rest/modrestcurlclient.class.php : 26) modRestClient::__construct is deprecated since version 2.3.0. Use the modRest classes instead.
[2020-09-01 02:23:40] (ERROR in xPDO::getService @ /home/e/e5ash/e5ash.net/public_html/core/xpdo/xpdo.class.php : 1234) modRestClient::__construct is deprecated since version 2.3.0. Use the modRest classes instead.
[2020-09-01 02:23:40] (ERROR in modRestCurlClient::__construct @ /home/e/e5ash/e5ash.net/public_html/core/model/modx/rest/modrestcurlclient.class.php : 26) modRestClient::__construct is deprecated since version 2.3.0. Use the modRest classes instead.
[2020-09-01 02:23:59] (ERROR in xPDO::getService @ /home/e/e5ash/e5ash.net/public_html/core/xpdo/xpdo.class.php : 1234) modRestClient::__construct is deprecated since version 2.3.0. Use the modRest classes instead.
[2020-09-01 02:23:59] (ERROR in modRestCurlClient::__construct @ /home/e/e5ash/e5ash.net/public_html/core/model/modx/rest/modrestcurlclient.class.php : 26) modRestClient::__construct is deprecated since version 2.3.0. Use the modRest classes instead.
[2020-09-01 02:24:20] (ERROR in xPDO::getService @ /home/e/e5ash/e5ash.net/public_html/core/xpdo/xpdo.class.php : 1234) modRestClient::__construct is deprecated since version 2.3.0. Use the modRest classes instead.
[2020-09-01 02:24:20] (ERROR in modRestCurlClient::__construct @ /home/e/e5ash/e5ash.net/public_html/core/model/modx/rest/modrestcurlclient.class.php : 26) modRestClient::__construct is deprecated since version 2.3.0. Use the modRest classes instead.
[2020-09-01 13:33:13] (ERROR @ /home/e/e5ash/e5ash.net/public_html/core/model/modx/modcachemanager.class.php : 349) Error caching lexicon topic lexicon/ru/core/resource
[2020-09-01 16:22:32] (ERROR in xPDO::getService @ /home/e/e5ash/e5ash.net/public_html/core/xpdo/xpdo.class.php : 1234) modRestClient::__construct is deprecated since version 2.3.0. Use the modRest classes instead.
[2020-09-01 16:22:32] (ERROR in xPDO::getService @ /home/e/e5ash/e5ash.net/public_html/core/xpdo/xpdo.class.php : 1234) modRestClient::__construct is deprecated since version 2.3.0. Use the modRest classes instead.
[2020-09-01 16:22:32] (ERROR in modRestCurlClient::__construct @ /home/e/e5ash/e5ash.net/public_html/core/model/modx/rest/modrestcurlclient.class.php : 26) modRestClient::__construct is deprecated since version 2.3.0. Use the modRest classes instead.
[2020-09-01 16:22:32] (ERROR in modRestCurlClient::__construct @ /home/e/e5ash/e5ash.net/public_html/core/model/modx/rest/modrestcurlclient.class.php : 26) modRestClient::__construct is deprecated since version 2.3.0. Use the modRest classes instead.
[2020-09-01 16:22:32] (ERROR in xPDO::getService @ /home/e/e5ash/e5ash.net/public_html/core/xpdo/xpdo.class.php : 1234) modRestClient::__construct is deprecated since version 2.3.0. Use the modRest classes instead.
[2020-09-01 16:22:32] (ERROR in modRestCurlClient::__construct @ /home/e/e5ash/e5ash.net/public_html/core/model/modx/rest/modrestcurlclient.class.php : 26) modRestClient::__construct is deprecated since version 2.3.0. Use the modRest classes instead.
[2020-09-01 16:22:33] (ERROR in xPDO::getService @ /home/e/e5ash/e5ash.net/public_html/core/xpdo/xpdo.class.php : 1234) modRestClient::__construct is deprecated since version 2.3.0. Use the modRest classes instead.
[2020-09-01 16:22:33] (ERROR in modRestCurlClient::__construct @ /home/e/e5ash/e5ash.net/public_html/core/model/modx/rest/modrestcurlclient.class.php : 26) modRestClient::__construct is deprecated since version 2.3.0. Use the modRest classes instead.
[2020-09-01 16:22:33] (ERROR in xPDO::getService @ /home/e/e5ash/e5ash.net/public_html/core/xpdo/xpdo.class.php : 1234) modRestClient::__construct is deprecated since version 2.3.0. Use the modRest classes instead.
[2020-09-01 16:22:33] (ERROR in modRestCurlClient::__construct @ /home/e/e5ash/e5ash.net/public_html/core/model/modx/rest/modrestcurlclient.class.php : 26) modRestClient::__construct is deprecated since version 2.3.0. Use the modRest classes instead.
[2020-09-01 16:22:36] (ERROR in xPDO::getService @ /home/e/e5ash/e5ash.net/public_html/core/xpdo/xpdo.class.php : 1234) modRestClient::__construct is deprecated since version 2.3.0. Use the modRest classes instead.
[2020-09-01 16:22:36] (ERROR in modRestCurlClient::__construct @ /home/e/e5ash/e5ash.net/public_html/core/model/modx/rest/modrestcurlclient.class.php : 26) modRestClient::__construct is deprecated since version 2.3.0. Use the modRest classes instead.
[2020-09-01 16:22:38] (ERROR in xPDO::getService @ /home/e/e5ash/e5ash.net/public_html/core/xpdo/xpdo.class.php : 1234) modRestClient::__construct is deprecated since version 2.3.0. Use the modRest classes instead.
[2020-09-01 16:22:38] (ERROR in modRestCurlClient::__construct @ /home/e/e5ash/e5ash.net/public_html/core/model/modx/rest/modrestcurlclient.class.php : 26) modRestClient::__construct is deprecated since version 2.3.0. Use the modRest classes instead.
[2020-09-01 16:22:42] (ERROR in xPDO::getService @ /home/e/e5ash/e5ash.net/public_html/core/xpdo/xpdo.class.php : 1234) modRestClient::__construct is deprecated since version 2.3.0. Use the modRest classes instead.
[2020-09-01 16:22:42] (ERROR in modRestCurlClient::__construct @ /home/e/e5ash/e5ash.net/public_html/core/model/modx/rest/modrestcurlclient.class.php : 26) modRestClient::__construct is deprecated since version 2.3.0. Use the modRest classes instead.
[2020-09-01 16:22:42] (ERROR in xPDO::getService @ /home/e/e5ash/e5ash.net/public_html/core/xpdo/xpdo.class.php : 1234) modRestClient::__construct is deprecated since version 2.3.0. Use the modRest classes instead.
[2020-09-01 16:22:42] (ERROR in modRestCurlClient::__construct @ /home/e/e5ash/e5ash.net/public_html/core/model/modx/rest/modrestcurlclient.class.php : 26) modRestClient::__construct is deprecated since version 2.3.0. Use the modRest classes instead.
[2020-09-01 16:22:59] (ERROR in xPDO::getService @ /home/e/e5ash/e5ash.net/public_html/core/xpdo/xpdo.class.php : 1234) modRestClient::__construct is deprecated since version 2.3.0. Use the modRest classes instead.
[2020-09-01 16:22:59] (ERROR in modRestCurlClient::__construct @ /home/e/e5ash/e5ash.net/public_html/core/model/modx/rest/modrestcurlclient.class.php : 26) modRestClient::__construct is deprecated since version 2.3.0. Use the modRest classes instead.
[2020-09-01 16:23:14] (ERROR in xPDO::getService @ /home/e/e5ash/e5ash.net/public_html/core/xpdo/xpdo.class.php : 1234) modRestClient::__construct is deprecated since version 2.3.0. Use the modRest classes instead.
[2020-09-01 16:23:14] (ERROR in modRestCurlClient::__construct @ /home/e/e5ash/e5ash.net/public_html/core/model/modx/rest/modrestcurlclient.class.php : 26) modRestClient::__construct is deprecated since version 2.3.0. Use the modRest classes instead.
[2020-09-01 16:55:51] (ERROR @ /home/e/e5ash/e5ash.net/public_html/core/model/phpthumb/modphpthumb.class.php : 165) phpThumb was unable to generate a thumbnail for: /home/e/e5ash/e5ash.net/public_html/core/cache/phpthumb/e5ash.net__src053cab829594c7872ec9342b79196350_par50a064df300e664cfff2fbd5ed8df8e3_dat0.png
[2020-09-01 16:55:51] (ERROR @ /home/e/e5ash/e5ash.net/public_html/core/model/phpthumb/modphpthumb.class.php : 177) Error outputting thumbnail:
OutputThumbnail() failed because !is_resource($this->gdimg_output) in file "phpthumb.class.php" on line 640
[2020-09-01 17:07:07] (ERROR @ /home/e/e5ash/e5ash.net/public_html/core/model/modx/modcachemanager.class.php : 349) Error caching lexicon topic lexicon/ru/core/resource
[2020-09-01 17:51:41] (ERROR @ /home/e/e5ash/e5ash.net/public_html/core/model/modx/modparser.class.php : 541) Could not find snippet with name foot.
[2020-09-01 17:51:41] (ERROR @ /home/e/e5ash/e5ash.net/public_html/core/model/modx/modparser.class.php : 541) Could not find snippet with name foot.
[2020-09-01 17:51:41] (ERROR @ /home/e/e5ash/e5ash.net/public_html/core/model/modx/modparser.class.php : 541) Could not find snippet with name foot.
[2020-09-01 17:51:41] (ERROR @ /home/e/e5ash/e5ash.net/public_html/core/model/modx/modparser.class.php : 541) Could not find snippet with name foot.
[2020-09-01 17:51:41] (ERROR @ /home/e/e5ash/e5ash.net/public_html/core/model/modx/modparser.class.php : 541) Could not find snippet with name foot.
[2020-09-01 17:51:43] (ERROR @ /home/e/e5ash/e5ash.net/public_html/core/model/modx/modparser.class.php : 541) Could not find snippet with name foot.
[2020-09-01 17:51:43] (ERROR @ /home/e/e5ash/e5ash.net/public_html/core/model/modx/modparser.class.php : 541) Could not find snippet with name foot.
[2020-09-01 17:51:43] (ERROR @ /home/e/e5ash/e5ash.net/public_html/core/model/modx/modparser.class.php : 541) Could not find snippet with name foot.
[2020-09-01 17:53:58] (ERROR @ /home/e/e5ash/e5ash.net/public_html/core/model/modx/modparser.class.php : 541) Could not find snippet with name foot.
[2020-09-01 17:53:58] (ERROR @ /home/e/e5ash/e5ash.net/public_html/core/model/modx/modparser.class.php : 541) Could not find snippet with name foot.
[2020-09-01 17:53:58] (ERROR @ /home/e/e5ash/e5ash.net/public_html/core/model/modx/modparser.class.php : 541) Could not find snippet with name foot.
[2020-09-01 17:53:58] (ERROR @ /home/e/e5ash/e5ash.net/public_html/core/model/modx/modparser.class.php : 541) Could not find snippet with name foot.
[2020-09-01 17:53:58] (ERROR @ /home/e/e5ash/e5ash.net/public_html/core/model/modx/modparser.class.php : 541) Could not find snippet with name foot.
[2020-09-01 17:54:41] (ERROR @ /home/e/e5ash/e5ash.net/public_html/core/model/modx/modcachemanager.class.php : 349) Error caching lexicon topic lexicon/ru/core/element
[2020-09-01 17:55:15] (ERROR @ /home/e/e5ash/e5ash.net/public_html/core/model/modx/modparser.class.php : 541) Could not find snippet with name foot.
[2020-09-01 17:55:15] (ERROR @ /home/e/e5ash/e5ash.net/public_html/core/model/modx/modparser.class.php : 541) Could not find snippet with name foot.
[2020-09-01 17:55:15] (ERROR @ /home/e/e5ash/e5ash.net/public_html/core/model/modx/modparser.class.php : 541) Could not find snippet with name foot.
[2020-09-01 17:55:15] (ERROR @ /home/e/e5ash/e5ash.net/public_html/core/model/modx/modparser.class.php : 541) Could not find snippet with name foot.
[2020-09-01 17:55:15] (ERROR @ /home/e/e5ash/e5ash.net/public_html/core/model/modx/modparser.class.php : 541) Could not find snippet with name foot.
[2020-09-01 17:55:40] (ERROR @ /home/e/e5ash/e5ash.net/public_html/core/model/modx/modparser.class.php : 541) Could not find snippet with name foot.
[2020-09-01 17:55:40] (ERROR @ /home/e/e5ash/e5ash.net/public_html/core/model/modx/modparser.class.php : 541) Could not find snippet with name foot.
[2020-09-01 17:55:40] (ERROR @ /home/e/e5ash/e5ash.net/public_html/core/model/modx/modparser.class.php : 541) Could not find snippet with name foot.
[2020-09-01 17:55:40] (ERROR @ /home/e/e5ash/e5ash.net/public_html/core/model/modx/modparser.class.php : 541) Could not find snippet with name foot.
[2020-09-01 17:55:40] (ERROR @ /home/e/e5ash/e5ash.net/public_html/core/model/modx/modparser.class.php : 541) Could not find snippet with name foot.
[2020-09-01 17:55:40] (ERROR @ /home/e/e5ash/e5ash.net/public_html/core/model/modx/modparser.class.php : 541) Could not find snippet with name foot.
[2020-09-01 17:55:47] (ERROR @ /home/e/e5ash/e5ash.net/public_html/core/model/modx/modparser.class.php : 541) Could not find snippet with name foot.
[2020-09-01 17:55:47] (ERROR @ /home/e/e5ash/e5ash.net/public_html/core/model/modx/modparser.class.php : 541) Could not find snippet with name foot.
[2020-09-01 17:55:47] (ERROR @ /home/e/e5ash/e5ash.net/public_html/core/model/modx/modparser.class.php : 541) Could not find snippet with name foot.
[2020-09-01 17:55:58] (ERROR @ /home/e/e5ash/e5ash.net/public_html/core/model/modx/modparser.class.php : 541) Could not find snippet with name foot.
[2020-09-01 17:55:58] (ERROR @ /home/e/e5ash/e5ash.net/public_html/core/model/modx/modparser.class.php : 541) Could not find snippet with name foot.
[2020-09-01 17:55:58] (ERROR @ /home/e/e5ash/e5ash.net/public_html/core/model/modx/modparser.class.php : 541) Could not find snippet with name foot.
[2020-09-01 17:56:11] (ERROR @ /home/e/e5ash/e5ash.net/public_html/core/model/modx/modparser.class.php : 541) Could not find snippet with name foot.
[2020-09-01 17:56:11] (ERROR @ /home/e/e5ash/e5ash.net/public_html/core/model/modx/modparser.class.php : 541) Could not find snippet with name foot.
[2020-09-01 17:56:11] (ERROR @ /home/e/e5ash/e5ash.net/public_html/core/model/modx/modparser.class.php : 541) Could not find snippet with name foot.
[2020-09-01 17:57:59] (ERROR @ /home/e/e5ash/e5ash.net/public_html/core/model/modx/modparser.class.php : 541) Could not find snippet with name foot.
[2020-09-01 17:57:59] (ERROR @ /home/e/e5ash/e5ash.net/public_html/core/model/modx/modparser.class.php : 541) Could not find snippet with name foot.
[2020-09-01 17:57:59] (ERROR @ /home/e/e5ash/e5ash.net/public_html/core/model/modx/modparser.class.php : 541) Could not find snippet with name foot.
[2020-09-01 17:57:59] (ERROR @ /home/e/e5ash/e5ash.net/public_html/core/model/modx/modparser.class.php : 541) Could not find snippet with name foot.
[2020-09-01 17:57:59] (ERROR @ /home/e/e5ash/e5ash.net/public_html/core/model/modx/modparser.class.php : 541) Could not find snippet with name foot.
[2020-09-01 20:11:24] (ERROR @ /home/e/e5ash/e5ash.net/public_html/core/model/modx/modparser.class.php : 541) Could not find snippet with name tv.Услуга Иконка.
[2020-09-01 20:11:24] (ERROR @ /home/e/e5ash/e5ash.net/public_html/core/model/modx/modparser.class.php : 541) Could not find snippet with name tv.Услуга Текст.
[2020-09-01 20:11:24] (ERROR @ /home/e/e5ash/e5ash.net/public_html/core/model/modx/modparser.class.php : 541) Could not find snippet with name tv.Услуга Иконка.
[2020-09-01 20:11:24] (ERROR @ /home/e/e5ash/e5ash.net/public_html/core/model/modx/modparser.class.php : 541) Could not find snippet with name tv.Услуга Текст.
[2020-09-01 20:11:24] (ERROR @ /home/e/e5ash/e5ash.net/public_html/core/model/modx/modparser.class.php : 541) Could not find snippet with name tv.Услуга Иконка.
[2020-09-01 20:11:24] (ERROR @ /home/e/e5ash/e5ash.net/public_html/core/model/modx/modparser.class.php : 541) Could not find snippet with name tv.Услуга Текст.
[2020-09-01 20:11:24] (ERROR @ /home/e/e5ash/e5ash.net/public_html/core/model/modx/modparser.class.php : 541) Could not find snippet with name tv.Услуга Иконка.
[2020-09-01 20:11:24] (ERROR @ /home/e/e5ash/e5ash.net/public_html/core/model/modx/modparser.class.php : 541) Could not find snippet with name tv.Услуга Текст.
[2020-09-01 20:11:24] (ERROR @ /home/e/e5ash/e5ash.net/public_html/core/model/modx/modparser.class.php : 541) Could not find snippet with name tv.Услуга Иконка.
[2020-09-01 20:11:24] (ERROR @ /home/e/e5ash/e5ash.net/public_html/core/model/modx/modparser.class.php : 541) Could not find snippet with name tv.Услуга Текст.
[2020-09-01 20:11:24] (ERROR @ /home/e/e5ash/e5ash.net/public_html/core/model/modx/modparser.class.php : 541) Could not find snippet with name tv.Услуга Иконка.
[2020-09-01 20:11:24] (ERROR @ /home/e/e5ash/e5ash.net/public_html/core/model/modx/modparser.class.php : 541) Could not find snippet with name tv.Услуга Текст.
[2020-09-01 20:11:24] (ERROR @ /home/e/e5ash/e5ash.net/public_html/core/model/modx/modparser.class.php : 541) Could not find snippet with name tv.Услуга Иконка.
[2020-09-01 20:11:24] (ERROR @ /home/e/e5ash/e5ash.net/public_html/core/model/modx/modparser.class.php : 541) Could not find snippet with name tv.Услуга Текст.
[2020-09-01 20:11:24] (ERROR @ /home/e/e5ash/e5ash.net/public_html/core/model/modx/modparser.class.php : 541) Could not find snippet with name tv.Услуга Иконка.
[2020-09-01 20:11:24] (ERROR @ /home/e/e5ash/e5ash.net/public_html/core/model/modx/modparser.class.php : 541) Could not find snippet with name tv.Услуга Текст.
[2020-09-01 20:11:24] (ERROR @ /home/e/e5ash/e5ash.net/public_html/core/model/modx/modparser.class.php : 541) Could not find snippet with name tv.Услуга Иконка.
[2020-09-01 20:11:24] (ERROR @ /home/e/e5ash/e5ash.net/public_html/core/model/modx/modparser.class.php : 541) Could not find snippet with name tv.Услуга Текст.
[2020-09-01 20:11:24] (ERROR @ /home/e/e5ash/e5ash.net/public_html/core/model/modx/modparser.class.php : 541) Could not find snippet with name tv.Услуга Иконка.
[2020-09-01 20:11:24] (ERROR @ /home/e/e5ash/e5ash.net/public_html/core/model/modx/modparser.class.php : 541) Could not find snippet with name tv.Услуга Текст.
[2020-09-01 20:11:24] (ERROR @ /home/e/e5ash/e5ash.net/public_html/core/model/modx/modparser.class.php : 541) Could not find snippet with name tv.Услуга Иконка.
[2020-09-01 20:11:24] (ERROR @ /home/e/e5ash/e5ash.net/public_html/core/model/modx/modparser.class.php : 541) Could not find snippet with name tv.Услуга Текст.
[2020-09-01 20:11:24] (ERROR @ /home/e/e5ash/e5ash.net/public_html/core/model/modx/modparser.class.php : 541) Could not find snippet with name tv.Услуга Иконка.
[2020-09-01 20:11:24] (ERROR @ /home/e/e5ash/e5ash.net/public_html/core/model/modx/modparser.class.php : 541) Could not find snippet with name tv.Услуга Текст.
[2020-09-01 20:11:24] (ERROR @ /home/e/e5ash/e5ash.net/public_html/core/model/modx/modparser.class.php : 541) Could not find snippet with name tv.Услуга Иконка.
[2020-09-01 20:11:24] (ERROR @ /home/e/e5ash/e5ash.net/public_html/core/model/modx/modparser.class.php : 541) Could not find snippet with name tv.Услуга Текст.
[2020-09-01 20:11:24] (ERROR @ /home/e/e5ash/e5ash.net/public_html/core/model/modx/modparser.class.php : 541) Could not find snippet with name tv.Услуга Иконка.
[2020-09-01 20:11:24] (ERROR @ /home/e/e5ash/e5ash.net/public_html/core/model/modx/modparser.class.php : 541) Could not find snippet with name tv.Услуга Текст.
[2020-09-01 20:11:24] (ERROR @ /home/e/e5ash/e5ash.net/public_html/core/model/modx/modparser.class.php : 541) Could not find snippet with name tv.Услуга Иконка.
[2020-09-01 20:11:24] (ERROR @ /home/e/e5ash/e5ash.net/public_html/core/model/modx/modparser.class.php : 541) Could not find snippet with name tv.Услуга Текст.
[2020-09-01 20:11:24] (ERROR @ /home/e/e5ash/e5ash.net/public_html/core/model/modx/modparser.class.php : 541) Could not find snippet with name tv.Услуга Иконка.
[2020-09-01 20:11:24] (ERROR @ /home/e/e5ash/e5ash.net/public_html/core/model/modx/modparser.class.php : 541) Could not find snippet with name tv.Услуга Текст.
[2020-09-01 20:11:24] (ERROR @ /home/e/e5ash/e5ash.net/public_html/core/model/modx/modparser.class.php : 541) Could not find snippet with name tv.Услуга Иконка.
[2020-09-01 20:11:24] (ERROR @ /home/e/e5ash/e5ash.net/public_html/core/model/modx/modparser.class.php : 541) Could not find snippet with name tv.Услуга Текст.
[2020-09-01 20:11:24] (ERROR @ /home/e/e5ash/e5ash.net/public_html/core/model/modx/modparser.class.php : 541) Could not find snippet with name tv.Услуга Иконка.
[2020-09-01 20:11:24] (ERROR @ /home/e/e5ash/e5ash.net/public_html/core/model/modx/modparser.class.php : 541) Could not find snippet with name tv.Услуга Текст.
[2020-09-01 20:11:24] (ERROR @ /home/e/e5ash/e5ash.net/public_html/core/model/modx/modparser.class.php : 541) Could not find snippet with name tv.Услуга Иконка.
[2020-09-01 20:11:24] (ERROR @ /home/e/e5ash/e5ash.net/public_html/core/model/modx/modparser.class.php : 541) Could not find snippet with name tv.Услуга Текст.
[2020-09-01 20:11:24] (ERROR @ /home/e/e5ash/e5ash.net/public_html/core/model/modx/modparser.class.php : 541) Could not find snippet with name tv.Услуга Иконка.
[2020-09-01 20:11:24] (ERROR @ /home/e/e5ash/e5ash.net/public_html/core/model/modx/modparser.class.php : 541) Could not find snippet with name tv.Услуга Текст.
[2020-09-01 20:11:24] (ERROR @ /home/e/e5ash/e5ash.net/public_html/core/model/modx/modparser.class.php : 541) Could not find snippet with name tv.Услуга Иконка.
[2020-09-01 20:11:24] (ERROR @ /home/e/e5ash/e5ash.net/public_html/core/model/modx/modparser.class.php : 541) Could not find snippet with name tv.Услуга Текст.
[2020-09-01 20:11:24] (ERROR @ /home/e/e5ash/e5ash.net/public_html/core/model/modx/modparser.class.php : 541) Could not find snippet with name tv.Услуга Иконка.
[2020-09-01 20:11:24] (ERROR @ /home/e/e5ash/e5ash.net/public_html/core/model/modx/modparser.class.php : 541) Could not find snippet with name tv.Услуга Текст.
[2020-09-01 20:11:24] (ERROR @ /home/e/e5ash/e5ash.net/public_html/core/model/modx/modparser.class.php : 541) Could not find snippet with name tv.Услуга Иконка.
[2020-09-01 20:11:24] (ERROR @ /home/e/e5ash/e5ash.net/public_html/core/model/modx/modparser.class.php : 541) Could not find snippet with name tv.Услуга Текст.
[2020-09-01 20:11:24] (ERROR @ /home/e/e5ash/e5ash.net/public_html/core/model/modx/modparser.class.php : 541) Could not find snippet with name tv.Услуга Иконка.
[2020-09-01 20:11:24] (ERROR @ /home/e/e5ash/e5ash.net/public_html/core/model/modx/modparser.class.php : 541) Could not find snippet with name tv.Услуга Текст.
[2020-09-01 20:11:24] (ERROR @ /home/e/e5ash/e5ash.net/public_html/core/model/modx/modparser.class.php : 541) Could not find snippet with name tv.Услуга Иконка.
[2020-09-01 20:11:24] (ERROR @ /home/e/e5ash/e5ash.net/public_html/core/model/modx/modparser.class.php : 541) Could not find snippet with name tv.Услуга Текст.
[2020-09-01 20:11:24] (ERROR @ /home/e/e5ash/e5ash.net/public_html/core/model/modx/modparser.class.php : 541) Could not find snippet with name tv.Услуга Иконка.
[2020-09-01 20:11:24] (ERROR @ /home/e/e5ash/e5ash.net/public_html/core/model/modx/modparser.class.php : 541) Could not find snippet with name tv.Услуга Текст.
[2020-09-01 20:11:24] (ERROR @ /home/e/e5ash/e5ash.net/public_html/core/model/modx/modparser.class.php : 541) Could not find snippet with name tv.Услуга Иконка.
[2020-09-01 20:11:24] (ERROR @ /home/e/e5ash/e5ash.net/public_html/core/model/modx/modparser.class.php : 541) Could not find snippet with name tv.Услуга Текст.
[2020-09-01 20:11:24] (ERROR @ /home/e/e5ash/e5ash.net/public_html/core/model/modx/modparser.class.php : 541) Could not find snippet with name tv.Услуга Иконка.
[2020-09-01 20:11:24] (ERROR @ /home/e/e5ash/e5ash.net/public_html/core/model/modx/modparser.class.php : 541) Could not find snippet with name tv.Услуга Текст.
[2020-09-01 20:11:24] (ERROR @ /home/e/e5ash/e5ash.net/public_html/core/model/modx/modparser.class.php : 541) Could not find snippet with name tv.Услуга Иконка.
[2020-09-01 20:11:24] (ERROR @ /home/e/e5ash/e5ash.net/public_html/core/model/modx/modparser.class.php : 541) Could not find snippet with name tv.Услуга Текст.
[2020-09-01 20:11:24] (ERROR @ /home/e/e5ash/e5ash.net/public_html/core/model/modx/modparser.class.php : 541) Could not find snippet with name tv.Услуга Иконка.
[2020-09-01 20:11:24] (ERROR @ /home/e/e5ash/e5ash.net/public_html/core/model/modx/modparser.class.php : 541) Could not find snippet with name tv.Услуга Текст.
[2020-09-01 20:11:24] (ERROR @ /home/e/e5ash/e5ash.net/public_html/core/model/modx/modparser.class.php : 541) Could not find snippet with name tv.Услуга Иконка.
[2020-09-01 20:11:24] (ERROR @ /home/e/e5ash/e5ash.net/public_html/core/model/modx/modparser.class.php : 541) Could not find snippet with name tv.Услуга Текст.
[2020-09-01 20:11:24] (ERROR @ /home/e/e5ash/e5ash.net/public_html/core/model/modx/modparser.class.php : 541) Could not find snippet with name tv.Услуга Иконка.
[2020-09-01 20:11:24] (ERROR @ /home/e/e5ash/e5ash.net/public_html/core/model/modx/modparser.class.php : 541) Could not find snippet with name tv.Услуга Текст.
[2020-09-01 20:11:24] (ERROR @ /home/e/e5ash/e5ash.net/public_html/core/model/modx/modparser.class.php : 541) Could not find snippet with name tv.Услуга Иконка.
[2020-09-01 20:11:24] (ERROR @ /home/e/e5ash/e5ash.net/public_html/core/model/modx/modparser.class.php : 541) Could not find snippet with name tv.Услуга Текст.
[2020-09-01 20:11:24] (ERROR @ /home/e/e5ash/e5ash.net/public_html/core/model/modx/modparser.class.php : 541) Could not find snippet with name tv.Услуга Иконка.
[2020-09-01 20:11:24] (ERROR @ /home/e/e5ash/e5ash.net/public_html/core/model/modx/modparser.class.php : 541) Could not find snippet with name tv.Услуга Текст.
[2020-09-01 20:11:24] (ERROR @ /home/e/e5ash/e5ash.net/public_html/core/model/modx/modparser.class.php : 541) Could not find snippet with name tv.Услуга Иконка.
[2020-09-01 20:11:24] (ERROR @ /home/e/e5ash/e5ash.net/public_html/core/model/modx/modparser.class.php : 541) Could not find snippet with name tv.Услуга Текст.
[2020-09-01 20:11:24] (ERROR @ /home/e/e5ash/e5ash.net/public_html/core/model/modx/modparser.class.php : 541) Could not find snippet with name tv.Услуга Иконка.
[2020-09-01 20:11:24] (ERROR @ /home/e/e5ash/e5ash.net/public_html/core/model/modx/modparser.class.php : 541) Could not find snippet with name tv.Услуга Текст.
[2020-09-01 20:11:24] (ERROR @ /home/e/e5ash/e5ash.net/public_html/core/model/modx/modparser.class.php : 541) Could not find snippet with name tv.Услуга Иконка.
[2020-09-01 20:11:24] (ERROR @ /home/e/e5ash/e5ash.net/public_html/core/model/modx/modparser.class.php : 541) Could not find snippet with name tv.Услуга Текст.
[2020-09-01 20:11:24] (ERROR @ /home/e/e5ash/e5ash.net/public_html/core/model/modx/modparser.class.php : 541) Could not find snippet with name tv.Услуга Иконка.
[2020-09-01 20:11:24] (ERROR @ /home/e/e5ash/e5ash.net/public_html/core/model/modx/modparser.class.php : 541) Could not find snippet with name tv.Услуга Текст.
[2020-09-01 20:11:24] (ERROR @ /home/e/e5ash/e5ash.net/public_html/core/model/modx/modparser.class.php : 541) Could not find snippet with name tv.Услуга Иконка.
[2020-09-01 20:11:24] (ERROR @ /home/e/e5ash/e5ash.net/public_html/core/model/modx/modparser.class.php : 541) Could not find snippet with name tv.Услуга Текст.
[2020-09-01 20:11:24] (ERROR @ /home/e/e5ash/e5ash.net/public_html/core/model/modx/modparser.class.php : 541) Could not find snippet with name tv.Услуга Иконка.
[2020-09-01 20:11:24] (ERROR @ /home/e/e5ash/e5ash.net/public_html/core/model/modx/modparser.class.php : 541) Could not find snippet with name tv.Услуга Текст.
[2020-09-01 20:11:24] (ERROR @ /home/e/e5ash/e5ash.net/public_html/core/model/modx/modparser.class.php : 541) Could not find snippet with name tv.Услуга Иконка.
[2020-09-01 20:11:24] (ERROR @ /home/e/e5ash/e5ash.net/public_html/core/model/modx/modparser.class.php : 541) Could not find snippet with name tv.Услуга Текст.
[2020-09-01 20:11:24] (ERROR @ /home/e/e5ash/e5ash.net/public_html/core/model/modx/modparser.class.php : 541) Could not find snippet with name tv.Услуга Иконка.
[2020-09-01 20:11:24] (ERROR @ /home/e/e5ash/e5ash.net/public_html/core/model/modx/modparser.class.php : 541) Could not find snippet with name tv.Услуга Текст.
[2020-09-01 20:11:24] (ERROR @ /home/e/e5ash/e5ash.net/public_html/core/model/modx/modparser.class.php : 541) Could not find snippet with name tv.Услуга Иконка.
[2020-09-01 20:11:24] (ERROR @ /home/e/e5ash/e5ash.net/public_html/core/model/modx/modparser.class.php : 541) Could not find snippet with name tv.Услуга Текст.
[2020-09-01 20:11:24] (ERROR @ /home/e/e5ash/e5ash.net/public_html/core/model/modx/modparser.class.php : 541) Could not find snippet with name tv.Услуга Иконка.
[2020-09-01 20:11:24] (ERROR @ /home/e/e5ash/e5ash.net/public_html/core/model/modx/modparser.class.php : 541) Could not find snippet with name tv.Услуга Текст.
[2020-09-01 20:11:24] (ERROR @ /home/e/e5ash/e5ash.net/public_html/core/model/modx/modparser.class.php : 541) Could not find snippet with name tv.Услуга Иконка.
[2020-09-01 20:11:24] (ERROR @ /home/e/e5ash/e5ash.net/public_html/core/model/modx/modparser.class.php : 541) Could not find snippet with name tv.Услуга Текст.
[2020-09-01 20:11:24] (ERROR @ /home/e/e5ash/e5ash.net/public_html/core/model/modx/modparser.class.php : 541) Could not find snippet with name tv.Услуга Иконка.
[2020-09-01 20:11:24] (ERROR @ /home/e/e5ash/e5ash.net/public_html/core/model/modx/modparser.class.php : 541) Could not find snippet with name tv.Услуга Текст.
[2020-09-01 20:11:24] (ERROR @ /home/e/e5ash/e5ash.net/public_html/core/model/modx/modparser.class.php : 541) Could not find snippet with name tv.Услуга Иконка.
[2020-09-01 20:11:24] (ERROR @ /home/e/e5ash/e5ash.net/public_html/core/model/modx/modparser.class.php : 541) Could not find snippet with name tv.Услуга Текст.
[2020-09-01 20:11:24] (ERROR @ /home/e/e5ash/e5ash.net/public_html/core/model/modx/modparser.class.php : 541) Could not find snippet with name tv.Услуга Иконка.
[2020-09-01 20:11:24] (ERROR @ /home/e/e5ash/e5ash.net/public_html/core/model/modx/modparser.class.php : 541) Could not find snippet with name tv.Услуга Текст.
[2020-09-01 20:11:24] (ERROR @ /home/e/e5ash/e5ash.net/public_html/core/model/modx/modparser.class.php : 541) Could not find snippet with name tv.Услуга Иконка.
[2020-09-01 20:11:24] (ERROR @ /home/e/e5ash/e5ash.net/public_html/core/model/modx/modparser.class.php : 541) Could not find snippet with name tv.Услуга Текст.
[2020-09-01 20:11:24] (ERROR @ /home/e/e5ash/e5ash.net/public_html/core/model/modx/modparser.class.php : 541) Could not find snippet with name tv.Услуга Иконка.
[2020-09-01 20:11:24] (ERROR @ /home/e/e5ash/e5ash.net/public_html/core/model/modx/modparser.class.php : 541) Could not find snippet with name tv.Услуга Текст.
[2020-09-01 20:11:24] (ERROR @ /home/e/e5ash/e5ash.net/public_html/core/model/modx/modparser.class.php : 541) Could not find snippet with name tv.Услуга Иконка.
[2020-09-01 20:11:24] (ERROR @ /home/e/e5ash/e5ash.net/public_html/core/model/modx/modparser.class.php : 541) Could not find snippet with name tv.Услуга Текст.
[2020-09-01 20:11:24] (ERROR @ /home/e/e5ash/e5ash.net/public_html/core/model/modx/modparser.class.php : 541) Could not find snippet with name tv.Услуга Иконка.
[2020-09-01 20:11:24] (ERROR @ /home/e/e5ash/e5ash.net/public_html/core/model/modx/modparser.class.php : 541) Could not find snippet with name tv.Услуга Текст.
[2020-09-01 20:11:24] (ERROR @ /home/e/e5ash/e5ash.net/public_html/core/model/modx/modparser.class.php : 541) Could not find snippet with name tv.Услуга Иконка.
[2020-09-01 20:11:24] (ERROR @ /home/e/e5ash/e5ash.net/public_html/core/model/modx/modparser.class.php : 541) Could not find snippet with name tv.Услуга Текст.
[2020-09-01 20:11:24] (ERROR @ /home/e/e5ash/e5ash.net/public_html/core/model/modx/modparser.class.php : 541) Could not find snippet with name tv.Услуга Иконка.
[2020-09-01 20:11:24] (ERROR @ /home/e/e5ash/e5ash.net/public_html/core/model/modx/modparser.class.php : 541) Could not find snippet with name tv.Услуга Текст.
[2020-09-01 20:11:24] (ERROR @ /home/e/e5ash/e5ash.net/public_html/core/model/modx/modparser.class.php : 541) Could not find snippet with name tv.Услуга Иконка.
[2020-09-01 20:11:24] (ERROR @ /home/e/e5ash/e5ash.net/public_html/core/model/modx/modparser.class.php : 541) Could not find snippet with name tv.Услуга Текст.
[2020-09-01 20:11:24] (ERROR @ /home/e/e5ash/e5ash.net/public_html/core/model/modx/modparser.class.php : 541) Could not find snippet with name tv.Услуга Иконка.
[2020-09-01 20:11:24] (ERROR @ /home/e/e5ash/e5ash.net/public_html/core/model/modx/modparser.class.php : 541) Could not find snippet with name tv.Услуга Текст.
[2020-09-01 20:11:24] (ERROR @ /home/e/e5ash/e5ash.net/public_html/core/model/modx/modparser.class.php : 541) Could not find snippet with name tv.Услуга Иконка.
[2020-09-01 20:11:24] (ERROR @ /home/e/e5ash/e5ash.net/public_html/core/model/modx/modparser.class.php : 541) Could not find snippet with name tv.Услуга Текст.
[2020-09-01 20:11:25] (ERROR @ /home/e/e5ash/e5ash.net/public_html/core/model/modx/modparser.class.php : 541) Could not find snippet with name tv.Услуга Иконка.
[2020-09-01 20:11:25] (ERROR @ /home/e/e5ash/e5ash.net/public_html/core/model/modx/modparser.class.php : 541) Could not find snippet with name tv.Услуга Текст.
[2020-09-01 20:11:25] (ERROR @ /home/e/e5ash/e5ash.net/public_html/core/model/modx/modparser.class.php : 541) Could not find snippet with name tv.Услуга Иконка.
[2020-09-01 20:11:25] (ERROR @ /home/e/e5ash/e5ash.net/public_html/core/model/modx/modparser.class.php : 541) Could not find snippet with name tv.Услуга Текст.
[2020-09-01 20:11:25] (ERROR @ /home/e/e5ash/e5ash.net/public_html/core/model/modx/modparser.class.php : 541) Could not find snippet with name tv.Услуга Иконка.
[2020-09-01 20:11:25] (ERROR @ /home/e/e5ash/e5ash.net/public_html/core/model/modx/modparser.class.php : 541) Could not find snippet with name tv.Услуга Текст.
[2020-09-01 20:11:25] (ERROR @ /home/e/e5ash/e5ash.net/public_html/core/model/modx/modparser.class.php : 541) Could not find snippet with name tv.Услуга Иконка.
[2020-09-01 20:11:25] (ERROR @ /home/e/e5ash/e5ash.net/public_html/core/model/modx/modparser.class.php : 541) Could not find snippet with name tv.Услуга Текст.
[2020-09-01 20:11:25] (ERROR @ /home/e/e5ash/e5ash.net/public_html/core/model/modx/modparser.class.php : 541) Could not find snippet with name tv.Услуга Иконка.
[2020-09-01 20:11:25] (ERROR @ /home/e/e5ash/e5ash.net/public_html/core/model/modx/modparser.class.php : 541) Could not find snippet with name tv.Услуга Текст.
[2020-09-01 20:11:25] (ERROR @ /home/e/e5ash/e5ash.net/public_html/core/model/modx/modparser.class.php : 541) Could not find snippet with name tv.Услуга Иконка.
[2020-09-01 20:11:25] (ERROR @ /home/e/e5ash/e5ash.net/public_html/core/model/modx/modparser.class.php : 541) Could not find snippet with name tv.Услуга Текст.
[2020-09-01 20:11:25] (ERROR @ /home/e/e5ash/e5ash.net/public_html/core/model/modx/modparser.class.php : 541) Could not find snippet with name tv.Услуга Иконка.
[2020-09-01 20:11:25] (ERROR @ /home/e/e5ash/e5ash.net/public_html/core/model/modx/modparser.class.php : 541) Could not find snippet with name tv.Услуга Текст.
[2020-09-01 20:11:25] (ERROR @ /home/e/e5ash/e5ash.net/public_html/core/model/modx/modparser.class.php : 541) Could not find snippet with name tv.Услуга Иконка.
[2020-09-01 20:11:25] (ERROR @ /home/e/e5ash/e5ash.net/public_html/core/model/modx/modparser.class.php : 541) Could not find snippet with name tv.Услуга Текст.
[2020-09-01 20:11:25] (ERROR @ /home/e/e5ash/e5ash.net/public_html/core/model/modx/modparser.class.php : 541) Could not find snippet with name tv.Услуга Иконка.
[2020-09-01 20:11:25] (ERROR @ /home/e/e5ash/e5ash.net/public_html/core/model/modx/modparser.class.php : 541) Could not find snippet with name tv.Услуга Текст.
[2020-09-01 20:11:25] (ERROR @ /home/e/e5ash/e5ash.net/public_html/core/model/modx/modparser.class.php : 541) Could not find snippet with name tv.Услуга Иконка.
[2020-09-01 20:11:25] (ERROR @ /home/e/e5ash/e5ash.net/public_html/core/model/modx/modparser.class.php : 541) Could not find snippet with name tv.Услуга Текст.
[2020-09-01 20:11:25] (ERROR @ /home/e/e5ash/e5ash.net/public_html/core/model/modx/modparser.class.php : 541) Could not find snippet with name tv.Услуга Иконка.
[2020-09-01 20:11:25] (ERROR @ /home/e/e5ash/e5ash.net/public_html/core/model/modx/modparser.class.php : 541) Could not find snippet with name tv.Услуга Текст.
[2020-09-01 20:11:25] (ERROR @ /home/e/e5ash/e5ash.net/public_html/core/model/modx/modparser.class.php : 541) Could not find snippet with name tv.Услуга Иконка.
[2020-09-01 20:11:25] (ERROR @ /home/e/e5ash/e5ash.net/public_html/core/model/modx/modparser.class.php : 541) Could not find snippet with name tv.Услуга Текст.
[2020-09-01 20:11:25] (ERROR @ /home/e/e5ash/e5ash.net/public_html/core/model/modx/modparser.class.php : 541) Could not find snippet with name tv.Услуга Иконка.
[2020-09-01 20:11:25] (ERROR @ /home/e/e5ash/e5ash.net/public_html/core/model/modx/modparser.class.php : 541) Could not find snippet with name tv.Услуга Текст.
[2020-09-01 20:16:20] (ERROR @ /home/e/e5ash/e5ash.net/public_html/core/model/modx/modx.class.php : 1031) `Главная` is not a valid integer and may not be passed to makeUrl()
[2020-09-01 20:16:20] (ERROR in resource 1 @ /home/e/e5ash/e5ash.net/public_html/core/model/modx/modparser.class.php : 1374) Bad link tag `[[~Главная]]` encountered
[2020-09-01 20:16:20] (ERROR @ /home/e/e5ash/e5ash.net/public_html/core/model/modx/modx.class.php : 1031) `Главная` is not a valid integer and may not be passed to makeUrl()
[2020-09-01 20:16:20] (ERROR in resource 1 @ /home/e/e5ash/e5ash.net/public_html/core/model/modx/modparser.class.php : 1374) Bad link tag `[[~Главная]]` encountered
[2020-09-01 20:16:20] (ERROR @ /home/e/e5ash/e5ash.net/public_html/core/model/modx/modx.class.php : 1031) `Главная` is not a valid integer and may not be passed to makeUrl()
[2020-09-01 20:16:20] (ERROR in resource 1 @ /home/e/e5ash/e5ash.net/public_html/core/model/modx/modparser.class.php : 1374) Bad link tag `[[~Главная]]` encountered
[2020-09-01 20:16:20] (ERROR @ /home/e/e5ash/e5ash.net/public_html/core/model/modx/modx.class.php : 1031) `Главная` is not a valid integer and may not be passed to makeUrl()
[2020-09-01 20:16:20] (ERROR in resource 1 @ /home/e/e5ash/e5ash.net/public_html/core/model/modx/modparser.class.php : 1374) Bad link tag `[[~Главная]]` encountered
[2020-09-01 20:16:20] (ERROR @ /home/e/e5ash/e5ash.net/public_html/core/model/modx/modx.class.php : 1031) `Главная` is not a valid integer and may not be passed to makeUrl()
[2020-09-01 20:16:20] (ERROR in resource 1 @ /home/e/e5ash/e5ash.net/public_html/core/model/modx/modparser.class.php : 1374) Bad link tag `[[~Главная]]` encountered
[2020-09-01 20:16:20] (ERROR @ /home/e/e5ash/e5ash.net/public_html/core/model/modx/modx.class.php : 1031) `Главная` is not a valid integer and may not be passed to makeUrl()
[2020-09-01 20:16:20] (ERROR in resource 1 @ /home/e/e5ash/e5ash.net/public_html/core/model/modx/modparser.class.php : 1374) Bad link tag `[[~Главная]]` encountered
[2020-09-01 20:16:20] (ERROR @ /home/e/e5ash/e5ash.net/public_html/core/model/modx/modx.class.php : 1031) `Главная` is not a valid integer and may not be passed to makeUrl()
[2020-09-01 20:16:20] (ERROR in resource 1 @ /home/e/e5ash/e5ash.net/public_html/core/model/modx/modparser.class.php : 1374) Bad link tag `[[~Главная]]` encountered
[2020-09-01 20:16:20] (ERROR @ /home/e/e5ash/e5ash.net/public_html/core/model/modx/modx.class.php : 1031) `Главная` is not a valid integer and may not be passed to makeUrl()
[2020-09-01 20:16:20] (ERROR in resource 1 @ /home/e/e5ash/e5ash.net/public_html/core/model/modx/modparser.class.php : 1374) Bad link tag `[[~Главная]]` encountered
[2020-09-01 20:16:20] (ERROR @ /home/e/e5ash/e5ash.net/public_html/core/model/modx/modx.class.php : 1031) `Главная` is not a valid integer and may not be passed to makeUrl()
[2020-09-01 20:16:20] (ERROR in resource 1 @ /home/e/e5ash/e5ash.net/public_html/core/model/modx/modparser.class.php : 1374) Bad link tag `[[~Главная]]` encountered
[2020-09-01 20:16:44] (ERROR @ /home/e/e5ash/e5ash.net/public_html/core/model/modx/modx.class.php : 1031) `Диагностика Webasto` is not a valid integer and may not be passed to makeUrl()
[2020-09-01 20:16:44] (ERROR in resource 1 @ /home/e/e5ash/e5ash.net/public_html/core/model/modx/modparser.class.php : 1374) Bad link tag `[[~Диагностика Webasto]]` encountered
[2020-09-01 20:16:44] (ERROR @ /home/e/e5ash/e5ash.net/public_html/core/model/modx/modx.class.php : 1031) `Комплексная диагностика` is not a valid integer and may not be passed to makeUrl()
[2020-09-01 20:16:44] (ERROR in resource 1 @ /home/e/e5ash/e5ash.net/public_html/core/model/modx/modparser.class.php : 1374) Bad link tag `[[~Комплексная диагностика]]` encountered
[2020-09-01 20:16:44] (ERROR @ /home/e/e5ash/e5ash.net/public_html/core/model/modx/modx.class.php : 1031) `Диагностика АКПП` is not a valid integer and may not be passed to makeUrl()
[2020-09-01 20:16:44] (ERROR in resource 1 @ /home/e/e5ash/e5ash.net/public_html/core/model/modx/modparser.class.php : 1374) Bad link tag `[[~Диагностика АКПП]]` encountered
[2020-09-01 20:16:44] (ERROR @ /home/e/e5ash/e5ash.net/public_html/core/model/modx/modx.class.php : 1031) `Диагностика электрики` is not a valid integer and may not be passed to makeUrl()
[2020-09-01 20:16:44] (ERROR in resource 1 @ /home/e/e5ash/e5ash.net/public_html/core/model/modx/modparser.class.php : 1374) Bad link tag `[[~Диагностика электрики]]` encountered
[2020-09-01 20:16:44] (ERROR @ /home/e/e5ash/e5ash.net/public_html/core/model/modx/modx.class.php : 1031) `Диагностика двигателя` is not a valid integer and may not be passed to makeUrl()
[2020-09-01 20:16:44] (ERROR in resource 1 @ /home/e/e5ash/e5ash.net/public_html/core/model/modx/modparser.class.php : 1374) Bad link tag `[[~Диагностика двигателя]]` encountered
[2020-09-01 20:16:44] (ERROR @ /home/e/e5ash/e5ash.net/public_html/core/model/modx/modx.class.php : 1031) `Диагностика подвески` is not a valid integer and may not be passed to makeUrl()
[2020-09-01 20:16:44] (ERROR in resource 1 @ /home/e/e5ash/e5ash.net/public_html/core/model/modx/modparser.class.php : 1374) Bad link tag `[[~Диагностика подвески]]` encountered
[2020-09-01 20:16:44] (ERROR @ /home/e/e5ash/e5ash.net/public_html/core/model/modx/modx.class.php : 1031) `Диагностика кондиционера` is not a valid integer and may not be passed to makeUrl()
[2020-09-01 20:16:44] (ERROR in resource 1 @ /home/e/e5ash/e5ash.net/public_html/core/model/modx/modparser.class.php : 1374) Bad link tag `[[~Диагностика кондиционера]]` encountered
[2020-09-01 20:16:44] (ERROR @ /home/e/e5ash/e5ash.net/public_html/core/model/modx/modx.class.php : 1031) `Диагностика перед покупкой` is not a valid integer and may not be passed to makeUrl()
[2020-09-01 20:16:44] (ERROR in resource 1 @ /home/e/e5ash/e5ash.net/public_html/core/model/modx/modparser.class.php : 1374) Bad link tag `[[~Диагностика перед покупкой]]` encountered
[2020-09-01 20:16:44] (ERROR @ /home/e/e5ash/e5ash.net/public_html/core/model/modx/modx.class.php : 1031) `Компьютерная диагностика` is not a valid integer and may not be passed to makeUrl()
[2020-09-01 20:16:44] (ERROR in resource 1 @ /home/e/e5ash/e5ash.net/public_html/core/model/modx/modparser.class.php : 1374) Bad link tag `[[~Компьютерная диагностика]]` encountered
[2020-09-01 20:45:46] (ERROR @ /home/e/e5ash/e5ash.net/public_html/core/model/modx/modcachemanager.class.php : 399) Error caching action map mgr/actions
[2020-09-01 20:47:12] (ERROR @ /home/e/e5ash/e5ash.net/public_html/core/model/modx/modcachemanager.class.php : 349) Error caching lexicon topic lexicon/ru/core/element
[2020-09-01 22:06:43] (ERROR @ /home/e/e5ash/e5ash.net/public_html/core/model/modx/modcachemanager.class.php : 399) Error caching action map mgr/actions
[2020-09-01 23:03:05] (ERROR in xPDO::getService @ /home/e/e5ash/e5ash.net/public_html/core/xpdo/xpdo.class.php : 1234) modRestClient::__construct is deprecated since version 2.3.0. Use the modRest classes instead.
[2020-09-01 23:03:05] (ERROR in xPDO::getService @ /home/e/e5ash/e5ash.net/public_html/core/xpdo/xpdo.class.php : 1234) modRestClient::__construct is deprecated since version 2.3.0. Use the modRest classes instead.
[2020-09-01 23:03:05] (ERROR in modRestCurlClient::__construct @ /home/e/e5ash/e5ash.net/public_html/core/model/modx/rest/modrestcurlclient.class.php : 26) modRestClient::__construct is deprecated since version 2.3.0. Use the modRest classes instead.
[2020-09-01 23:03:05] (ERROR in modRestCurlClient::__construct @ /home/e/e5ash/e5ash.net/public_html/core/model/modx/rest/modrestcurlclient.class.php : 26) modRestClient::__construct is deprecated since version 2.3.0. Use the modRest classes instead.
[2020-09-01 23:03:05] (ERROR in xPDO::getService @ /home/e/e5ash/e5ash.net/public_html/core/xpdo/xpdo.class.php : 1234) modRestClient::__construct is deprecated since version 2.3.0. Use the modRest classes instead.
[2020-09-01 23:03:05] (ERROR in modRestCurlClient::__construct @ /home/e/e5ash/e5ash.net/public_html/core/model/modx/rest/modrestcurlclient.class.php : 26) modRestClient::__construct is deprecated since version 2.3.0. Use the modRest classes instead.
[2020-09-01 23:03:14] (ERROR in xPDO::getService @ /home/e/e5ash/e5ash.net/public_html/core/xpdo/xpdo.class.php : 1234) modRestClient::__construct is deprecated since version 2.3.0. Use the modRest classes instead.
[2020-09-01 23:03:14] (ERROR in modRestCurlClient::__construct @ /home/e/e5ash/e5ash.net/public_html/core/model/modx/rest/modrestcurlclient.class.php : 26) modRestClient::__construct is deprecated since version 2.3.0. Use the modRest classes instead.
[2020-09-01 23:03:14] (ERROR in xPDO::getService @ /home/e/e5ash/e5ash.net/public_html/core/xpdo/xpdo.class.php : 1234) modRestClient::__construct is deprecated since version 2.3.0. Use the modRest classes instead.
[2020-09-01 23:03:14] (ERROR in modRestCurlClient::__construct @ /home/e/e5ash/e5ash.net/public_html/core/model/modx/rest/modrestcurlclient.class.php : 26) modRestClient::__construct is deprecated since version 2.3.0. Use the modRest classes instead.
[2020-09-01 23:03:14] (ERROR in xPDO::getService @ /home/e/e5ash/e5ash.net/public_html/core/xpdo/xpdo.class.php : 1234) modRestClient::__construct is deprecated since version 2.3.0. Use the modRest classes instead.
[2020-09-01 23:03:14] (ERROR in modRestCurlClient::__construct @ /home/e/e5ash/e5ash.net/public_html/core/model/modx/rest/modrestcurlclient.class.php : 26) modRestClient::__construct is deprecated since version 2.3.0. Use the modRest classes instead.
[2020-09-01 23:06:08] (ERROR @ /home/e/e5ash/e5ash.net/public_html/core/model/modx/modcachemanager.class.php : 399) Error caching action map mgr/actions
[2020-09-01 23:07:34] (ERROR in xPDO::getService @ /home/e/e5ash/e5ash.net/public_html/core/xpdo/xpdo.class.php : 1234) modRestClient::__construct is deprecated since version 2.3.0. Use the modRest classes instead.
[2020-09-01 23:07:34] (ERROR in modRestCurlClient::__construct @ /home/e/e5ash/e5ash.net/public_html/core/model/modx/rest/modrestcurlclient.class.php : 26) modRestClient::__construct is deprecated since version 2.3.0. Use the modRest classes instead.
[2020-09-01 23:07:34] (ERROR in xPDO::getService @ /home/e/e5ash/e5ash.net/public_html/core/xpdo/xpdo.class.php : 1234) modRestClient::__construct is deprecated since version 2.3.0. Use the modRest classes instead.
[2020-09-01 23:07:34] (ERROR in modRestCurlClient::__construct @ /home/e/e5ash/e5ash.net/public_html/core/model/modx/rest/modrestcurlclient.class.php : 26) modRestClient::__construct is deprecated since version 2.3.0. Use the modRest classes instead.
[2020-09-01 23:07:45] (ERROR in xPDO::getService @ /home/e/e5ash/e5ash.net/public_html/core/xpdo/xpdo.class.php : 1234) modRestClient::__construct is deprecated since version 2.3.0. Use the modRest classes instead.
[2020-09-01 23:07:45] (ERROR in modRestCurlClient::__construct @ /home/e/e5ash/e5ash.net/public_html/core/model/modx/rest/modrestcurlclient.class.php : 26) modRestClient::__construct is deprecated since version 2.3.0. Use the modRest classes instead.
[2020-09-01 23:08:05] (ERROR in xPDO::getService @ /home/e/e5ash/e5ash.net/public_html/core/xpdo/xpdo.class.php : 1234) modRestClient::__construct is deprecated since version 2.3.0. Use the modRest classes instead.
[2020-09-01 23:08:05] (ERROR in modRestCurlClient::__construct @ /home/e/e5ash/e5ash.net/public_html/core/model/modx/rest/modrestcurlclient.class.php : 26) modRestClient::__construct is deprecated since version 2.3.0. Use the modRest classes instead.
[2020-09-01 23:08:15] (ERROR @ /home/e/e5ash/e5ash.net/public_html/core/model/modx/modparser.class.php : 541) Could not find snippet with name AjaxForm.
[2020-09-01 23:08:15] (ERROR @ /home/e/e5ash/e5ash.net/public_html/core/model/modx/modparser.class.php : 541) Could not find snippet with name AjaxForm.
[2020-09-01 23:08:15] (ERROR @ /home/e/e5ash/e5ash.net/public_html/core/model/modx/modparser.class.php : 541) Could not find snippet with name AjaxForm.
[2020-09-01 23:08:21] (ERROR in xPDO::getService @ /home/e/e5ash/e5ash.net/public_html/core/xpdo/xpdo.class.php : 1234) modRestClient::__construct is deprecated since version 2.3.0. Use the modRest classes instead.
[2020-09-01 23:08:21] (ERROR in modRestCurlClient::__construct @ /home/e/e5ash/e5ash.net/public_html/core/model/modx/rest/modrestcurlclient.class.php : 26) modRestClient::__construct is deprecated since version 2.3.0. Use the modRest classes instead.
[2020-09-01 23:08:21] (ERROR in xPDO::getService @ /home/e/e5ash/e5ash.net/public_html/core/xpdo/xpdo.class.php : 1234) modRestClient::__construct is deprecated since version 2.3.0. Use the modRest classes instead.
[2020-09-01 23:08:21] (ERROR in modRestCurlClient::__construct @ /home/e/e5ash/e5ash.net/public_html/core/model/modx/rest/modrestcurlclient.class.php : 26) modRestClient::__construct is deprecated since version 2.3.0. Use the modRest classes instead.
[2020-09-01 23:08:26] (ERROR in xPDO::getService @ /home/e/e5ash/e5ash.net/public_html/core/xpdo/xpdo.class.php : 1234) modRestClient::__construct is deprecated since version 2.3.0. Use the modRest classes instead.
[2020-09-01 23:08:26] (ERROR in modRestCurlClient::__construct @ /home/e/e5ash/e5ash.net/public_html/core/model/modx/rest/modrestcurlclient.class.php : 26) modRestClient::__construct is deprecated since version 2.3.0. Use the modRest classes instead.
[2020-09-01 23:08:32] (ERROR in xPDO::getService @ /home/e/e5ash/e5ash.net/public_html/core/xpdo/xpdo.class.php : 1234) modRestClient::__construct is deprecated since version 2.3.0. Use the modRest classes instead.
[2020-09-01 23:08:32] (ERROR in modRestCurlClient::__construct @ /home/e/e5ash/e5ash.net/public_html/core/model/modx/rest/modrestcurlclient.class.php : 26) modRestClient::__construct is deprecated since version 2.3.0. Use the modRest classes instead.
[2020-09-01 23:08:32] (ERROR in xPDO::getService @ /home/e/e5ash/e5ash.net/public_html/core/xpdo/xpdo.class.php : 1234) modRestClient::__construct is deprecated since version 2.3.0. Use the modRest classes instead.
[2020-09-01 23:08:32] (ERROR in modRestCurlClient::__construct @ /home/e/e5ash/e5ash.net/public_html/core/model/modx/rest/modrestcurlclient.class.php : 26) modRestClient::__construct is deprecated since version 2.3.0. Use the modRest classes instead.
[2020-09-01 23:08:54] (ERROR in xPDO::getService @ /home/e/e5ash/e5ash.net/public_html/core/xpdo/xpdo.class.php : 1234) modRestClient::__construct is deprecated since version 2.3.0. Use the modRest classes instead.
[2020-09-01 23:08:54] (ERROR in modRestCurlClient::__construct @ /home/e/e5ash/e5ash.net/public_html/core/model/modx/rest/modrestcurlclient.class.php : 26) modRestClient::__construct is deprecated since version 2.3.0. Use the modRest classes instead.
[2020-09-01 23:08:54] (ERROR in xPDO::getService @ /home/e/e5ash/e5ash.net/public_html/core/xpdo/xpdo.class.php : 1234) modRestClient::__construct is deprecated since version 2.3.0. Use the modRest classes instead.
[2020-09-01 23:08:54] (ERROR in modRestCurlClient::__construct @ /home/e/e5ash/e5ash.net/public_html/core/model/modx/rest/modrestcurlclient.class.php : 26) modRestClient::__construct is deprecated since version 2.3.0. Use the modRest classes instead.
[2020-09-01 23:08:58] (ERROR @ /home/e/e5ash/e5ash.net/public_html/core/model/modx/modparser.class.php : 541) Could not find snippet with name AjaxForm.
[2020-09-01 23:08:58] (ERROR @ /home/e/e5ash/e5ash.net/public_html/core/model/modx/modparser.class.php : 541) Could not find snippet with name AjaxForm.
[2020-09-01 23:08:58] (ERROR @ /home/e/e5ash/e5ash.net/public_html/core/model/modx/modparser.class.php : 541) Could not find snippet with name AjaxForm.
[2020-09-01 23:09:13] (ERROR in xPDO::getService @ /home/e/e5ash/e5ash.net/public_html/core/xpdo/xpdo.class.php : 1234) modRestClient::__construct is deprecated since version 2.3.0. Use the modRest classes instead.
[2020-09-01 23:09:13] (ERROR in modRestCurlClient::__construct @ /home/e/e5ash/e5ash.net/public_html/core/model/modx/rest/modrestcurlclient.class.php : 26) modRestClient::__construct is deprecated since version 2.3.0. Use the modRest classes instead.
[2020-09-01 23:09:13] (ERROR in xPDO::getService @ /home/e/e5ash/e5ash.net/public_html/core/xpdo/xpdo.class.php : 1234) modRestClient::__construct is deprecated since version 2.3.0. Use the modRest classes instead.
[2020-09-01 23:09:13] (ERROR in modRestCurlClient::__construct @ /home/e/e5ash/e5ash.net/public_html/core/model/modx/rest/modrestcurlclient.class.php : 26) modRestClient::__construct is deprecated since version 2.3.0. Use the modRest classes instead.
[2020-09-01 23:09:23] (ERROR in xPDO::getService @ /home/e/e5ash/e5ash.net/public_html/core/xpdo/xpdo.class.php : 1234) modRestClient::__construct is deprecated since version 2.3.0. Use the modRest classes instead.
[2020-09-01 23:09:23] (ERROR in modRestCurlClient::__construct @ /home/e/e5ash/e5ash.net/public_html/core/model/modx/rest/modrestcurlclient.class.php : 26) modRestClient::__construct is deprecated since version 2.3.0. Use the modRest classes instead.
[2020-09-01 23:09:23] (ERROR in xPDO::getService @ /home/e/e5ash/e5ash.net/public_html/core/xpdo/xpdo.class.php : 1234) modRestClient::__construct is deprecated since version 2.3.0. Use the modRest classes instead.
[2020-09-01 23:09:23] (ERROR in modRestCurlClient::__construct @ /home/e/e5ash/e5ash.net/public_html/core/model/modx/rest/modrestcurlclient.class.php : 26) modRestClient::__construct is deprecated since version 2.3.0. Use the modRest classes instead.
[2020-09-01 23:09:25] (ERROR in xPDO::getService @ /home/e/e5ash/e5ash.net/public_html/core/xpdo/xpdo.class.php : 1234) modRestClient::__construct is deprecated since version 2.3.0. Use the modRest classes instead.
[2020-09-01 23:09:25] (ERROR in modRestCurlClient::__construct @ /home/e/e5ash/e5ash.net/public_html/core/model/modx/rest/modrestcurlclient.class.php : 26) modRestClient::__construct is deprecated since version 2.3.0. Use the modRest classes instead.
[2020-09-01 23:09:29] (ERROR in xPDO::getService @ /home/e/e5ash/e5ash.net/public_html/core/xpdo/xpdo.class.php : 1234) modRestClient::__construct is deprecated since version 2.3.0. Use the modRest classes instead.
[2020-09-01 23:09:29] (ERROR in modRestCurlClient::__construct @ /home/e/e5ash/e5ash.net/public_html/core/model/modx/rest/modrestcurlclient.class.php : 26) modRestClient::__construct is deprecated since version 2.3.0. Use the modRest classes instead.
[2020-09-01 23:09:38] (ERROR in xPDO::getService @ /home/e/e5ash/e5ash.net/public_html/core/xpdo/xpdo.class.php : 1234) modRestClient::__construct is deprecated since version 2.3.0. Use the modRest classes instead.
[2020-09-01 23:09:38] (ERROR in modRestCurlClient::__construct @ /home/e/e5ash/e5ash.net/public_html/core/model/modx/rest/modrestcurlclient.class.php : 26) modRestClient::__construct is deprecated since version 2.3.0. Use the modRest classes instead.
[2020-09-01 23:09:38] (ERROR in xPDO::getService @ /home/e/e5ash/e5ash.net/public_html/core/xpdo/xpdo.class.php : 1234) modRestClient::__construct is deprecated since version 2.3.0. Use the modRest classes instead.
[2020-09-01 23:09:38] (ERROR in modRestCurlClient::__construct @ /home/e/e5ash/e5ash.net/public_html/core/model/modx/rest/modrestcurlclient.class.php : 26) modRestClient::__construct is deprecated since version 2.3.0. Use the modRest classes instead.
[2020-09-01 23:09:46] (ERROR @ /home/e/e5ash/e5ash.net/public_html/core/model/modx/modparser.class.php : 541) Could not find snippet with name AjaxForm.
[2020-09-01 23:09:46] (ERROR @ /home/e/e5ash/e5ash.net/public_html/core/model/modx/modparser.class.php : 541) Could not find snippet with name AjaxForm.
[2020-09-01 23:09:46] (ERROR @ /home/e/e5ash/e5ash.net/public_html/core/model/modx/modparser.class.php : 541) Could not find snippet with name AjaxForm.
[2020-09-01 23:09:54] (ERROR in xPDO::getService @ /home/e/e5ash/e5ash.net/public_html/core/xpdo/xpdo.class.php : 1234) modRestClient::__construct is deprecated since version 2.3.0. Use the modRest classes instead.
[2020-09-01 23:09:54] (ERROR in modRestCurlClient::__construct @ /home/e/e5ash/e5ash.net/public_html/core/model/modx/rest/modrestcurlclient.class.php : 26) modRestClient::__construct is deprecated since version 2.3.0. Use the modRest classes instead.
[2020-09-01 23:09:56] (ERROR in xPDO::getService @ /home/e/e5ash/e5ash.net/public_html/core/xpdo/xpdo.class.php : 1234) modRestClient::__construct is deprecated since version 2.3.0. Use the modRest classes instead.
[2020-09-01 23:09:56] (ERROR in modRestCurlClient::__construct @ /home/e/e5ash/e5ash.net/public_html/core/model/modx/rest/modrestcurlclient.class.php : 26) modRestClient::__construct is deprecated since version 2.3.0. Use the modRest classes instead.
[2020-09-01 23:09:59] (ERROR in xPDO::getService @ /home/e/e5ash/e5ash.net/public_html/core/xpdo/xpdo.class.php : 1234) modRestClient::__construct is deprecated since version 2.3.0. Use the modRest classes instead.
[2020-09-01 23:09:59] (ERROR in modRestCurlClient::__construct @ /home/e/e5ash/e5ash.net/public_html/core/model/modx/rest/modrestcurlclient.class.php : 26) modRestClient::__construct is deprecated since version 2.3.0. Use the modRest classes instead.
[2020-09-01 23:09:59] (ERROR in xPDO::getService @ /home/e/e5ash/e5ash.net/public_html/core/xpdo/xpdo.class.php : 1234) modRestClient::__construct is deprecated since version 2.3.0. Use the modRest classes instead.
[2020-09-01 23:09:59] (ERROR in modRestCurlClient::__construct @ /home/e/e5ash/e5ash.net/public_html/core/model/modx/rest/modrestcurlclient.class.php : 26) modRestClient::__construct is deprecated since version 2.3.0. Use the modRest classes instead.
[2020-09-01 23:10:04] (ERROR @ /home/e/e5ash/e5ash.net/public_html/core/model/modx/modparser.class.php : 541) Could not find snippet with name AjaxForm.
[2020-09-01 23:10:04] (ERROR @ /home/e/e5ash/e5ash.net/public_html/core/model/modx/modparser.class.php : 541) Could not find snippet with name AjaxForm.
[2020-09-01 23:10:04] (ERROR @ /home/e/e5ash/e5ash.net/public_html/core/model/modx/modparser.class.php : 541) Could not find snippet with name AjaxForm.
[2020-09-01 23:10:14] (ERROR in xPDO::getService @ /home/e/e5ash/e5ash.net/public_html/core/xpdo/xpdo.class.php : 1234) modRestClient::__construct is deprecated since version 2.3.0. Use the modRest classes instead.
[2020-09-01 23:10:14] (ERROR in modRestCurlClient::__construct @ /home/e/e5ash/e5ash.net/public_html/core/model/modx/rest/modrestcurlclient.class.php : 26) modRestClient::__construct is deprecated since version 2.3.0. Use the modRest classes instead.
[2020-09-01 23:10:25] (ERROR @ /home/e/e5ash/e5ash.net/public_html/core/model/modx/modparser.class.php : 541) Could not find snippet with name AjaxForm.
[2020-09-01 23:10:25] (ERROR @ /home/e/e5ash/e5ash.net/public_html/core/model/modx/modparser.class.php : 541) Could not find snippet with name AjaxForm.
[2020-09-01 23:10:25] (ERROR @ /home/e/e5ash/e5ash.net/public_html/core/model/modx/modparser.class.php : 541) Could not find snippet with name AjaxForm.
[2020-09-01 23:10:30] (ERROR in xPDO::getService @ /home/e/e5ash/e5ash.net/public_html/core/xpdo/xpdo.class.php : 1234) modRestClient::__construct is deprecated since version 2.3.0. Use the modRest classes instead.
[2020-09-01 23:10:30] (ERROR in modRestCurlClient::__construct @ /home/e/e5ash/e5ash.net/public_html/core/model/modx/rest/modrestcurlclient.class.php : 26) modRestClient::__construct is deprecated since version 2.3.0. Use the modRest classes instead.
[2020-09-01 23:37:40] (ERROR @ /home/e/e5ash/e5ash.net/public_html/core/model/modx/modcachemanager.class.php : 514) Error caching script elements/modplugin/6
[2020-09-01 23:37:40] (ERROR @ /home/e/e5ash/e5ash.net/public_html/core/model/modx/modcachemanager.class.php : 349) Error caching lexicon topic lexicon/en/core/default
[2020-09-01 23:37:40] (ERROR @ /home/e/e5ash/e5ash.net/public_html/core/model/modx/modcachemanager.class.php : 349) Error caching lexicon topic lexicon/ru/core/default
[2020-09-01 23:37:40] (ERROR @ /home/e/e5ash/e5ash.net/public_html/core/model/modx/modcachemanager.class.php : 399) Error caching action map mgr/actions
[2020-09-01 23:45:34] (ERROR in xPDO::getService @ /home/e/e5ash/e5ash.net/public_html/core/xpdo/xpdo.class.php : 1234) modRestClient::__construct is deprecated since version 2.3.0. Use the modRest classes instead.
[2020-09-01 23:45:34] (ERROR in modRestCurlClient::__construct @ /home/e/e5ash/e5ash.net/public_html/core/model/modx/rest/modrestcurlclient.class.php : 26) modRestClient::__construct is deprecated since version 2.3.0. Use the modRest classes instead.
[2020-09-01 23:45:35] (ERROR @ /home/e/e5ash/e5ash.net/public_html/core/model/modx/rest/modrestclient.class.php : 245) Could not connect to provider at: http://api.stopforumspam.org/
[2020-09-01 23:45:59] (ERROR in xPDO::getService @ /home/e/e5ash/e5ash.net/public_html/core/xpdo/xpdo.class.php : 1234) modRestClient::__construct is deprecated since version 2.3.0. Use the modRest classes instead.
[2020-09-01 23:45:59] (ERROR in modRestCurlClient::__construct @ /home/e/e5ash/e5ash.net/public_html/core/model/modx/rest/modrestcurlclient.class.php : 26) modRestClient::__construct is deprecated since version 2.3.0. Use the modRest classes instead.
[2020-09-01 23:45:59] (ERROR @ /home/e/e5ash/e5ash.net/public_html/core/model/modx/rest/modrestclient.class.php : 245) Could not connect to provider at: http://api.stopforumspam.org/
[2020-09-01 23:47:11] (ERROR in xPDO::getService @ /home/e/e5ash/e5ash.net/public_html/core/xpdo/xpdo.class.php : 1234) modRestClient::__construct is deprecated since version 2.3.0. Use the modRest classes instead.
[2020-09-01 23:47:11] (ERROR in modRestCurlClient::__construct @ /home/e/e5ash/e5ash.net/public_html/core/model/modx/rest/modrestcurlclient.class.php : 26) modRestClient::__construct is deprecated since version 2.3.0. Use the modRest classes instead.
[2020-09-01 23:47:11] (ERROR @ /home/e/e5ash/e5ash.net/public_html/core/model/modx/rest/modrestclient.class.php : 245) Could not connect to provider at: http://api.stopforumspam.org/
[2020-09-01 23:47:50] (ERROR in xPDO::getService @ /home/e/e5ash/e5ash.net/public_html/core/xpdo/xpdo.class.php : 1234) modRestClient::__construct is deprecated since version 2.3.0. Use the modRest classes instead.
[2020-09-01 23:47:50] (ERROR in modRestCurlClient::__construct @ /home/e/e5ash/e5ash.net/public_html/core/model/modx/rest/modrestcurlclient.class.php : 26) modRestClient::__construct is deprecated since version 2.3.0. Use the modRest classes instead.
[2020-09-01 23:47:50] (ERROR @ /home/e/e5ash/e5ash.net/public_html/core/model/modx/rest/modrestclient.class.php : 245) Could not connect to provider at: http://api.stopforumspam.org/
[2020-09-01 23:48:49] (ERROR in xPDO::getService @ /home/e/e5ash/e5ash.net/public_html/core/xpdo/xpdo.class.php : 1234) modRestClient::__construct is deprecated since version 2.3.0. Use the modRest classes instead.
[2020-09-01 23:48:49] (ERROR in modRestCurlClient::__construct @ /home/e/e5ash/e5ash.net/public_html/core/model/modx/rest/modrestcurlclient.class.php : 26) modRestClient::__construct is deprecated since version 2.3.0. Use the modRest classes instead.
[2020-09-01 23:48:49] (ERROR @ /home/e/e5ash/e5ash.net/public_html/core/model/modx/rest/modrestclient.class.php : 245) Could not connect to provider at: http://api.stopforumspam.org/
[2020-09-01 23:49:53] (ERROR in xPDO::getService @ /home/e/e5ash/e5ash.net/public_html/core/xpdo/xpdo.class.php : 1234) modRestClient::__construct is deprecated since version 2.3.0. Use the modRest classes instead.
[2020-09-01 23:49:53] (ERROR in modRestCurlClient::__construct @ /home/e/e5ash/e5ash.net/public_html/core/model/modx/rest/modrestcurlclient.class.php : 26) modRestClient::__construct is deprecated since version 2.3.0. Use the modRest classes instead.
[2020-09-01 23:49:54] (ERROR @ /home/e/e5ash/e5ash.net/public_html/core/model/modx/rest/modrestclient.class.php : 245) Could not connect to provider at: http://api.stopforumspam.org/
[2020-09-01 23:52:08] (ERROR in xPDO::getService @ /home/e/e5ash/e5ash.net/public_html/core/xpdo/xpdo.class.php : 1234) modRestClient::__construct is deprecated since version 2.3.0. Use the modRest classes instead.
[2020-09-01 23:52:08] (ERROR in modRestCurlClient::__construct @ /home/e/e5ash/e5ash.net/public_html/core/model/modx/rest/modrestcurlclient.class.php : 26) modRestClient::__construct is deprecated since version 2.3.0. Use the modRest classes instead.
[2020-09-01 23:52:08] (ERROR @ /home/e/e5ash/e5ash.net/public_html/core/model/modx/rest/modrestclient.class.php : 245) Could not connect to provider at: http://api.stopforumspam.org/
[2020-09-04 12:19:10] (ERROR in xPDO::getService @ /home/e/e5ash/e5ash.net/public_html/core/xpdo/xpdo.class.php : 1234) modRestClient::__construct is deprecated since version 2.3.0. Use the modRest classes instead.
[2020-09-04 12:19:10] (ERROR in modRestCurlClient::__construct @ /home/e/e5ash/e5ash.net/public_html/core/model/modx/rest/modrestcurlclient.class.php : 26) modRestClient::__construct is deprecated since version 2.3.0. Use the modRest classes instead.
[2020-09-04 12:19:10] (ERROR @ /home/e/e5ash/e5ash.net/public_html/core/model/modx/rest/modrestclient.class.php : 245) Could not connect to provider at: http://api.stopforumspam.org/
[2020-09-06 22:34:14] (ERROR @ /home/e/e5ash/e5ash.net/public_html/core/model/modx/modcachemanager.class.php : 349) Error caching lexicon topic lexicon/ru/core/element
